2026-01-23 10:00:33,914 [INFO] Activator:176 - 


2026-01-23 10:00:33,929 [INFO] Activator:177 - !SESSION log4j initialized
2026-01-23 10:00:37,302 [INFO] LogOutputStream:77 - [STDOUT_REDIRECT] 
2026-01-23 10:00:38,072 [INFO] ApplicationProperties:184 - Using Application install path: C:\Program Files (x86)\STM32CubeIDE_1.14.1\plugins\com.st.stm32cube.common.mx_6.10.0.202311202037
2026-01-23 10:00:38,093 [INFO] DbMcusXml:78 - Set database path to: C:\Program Files (x86)\STM32CubeIDE_1.14.1\plugins\com.st.stm32cube.common.mx_6.10.0.202311202037\\db\/mcu/
2026-01-23 10:00:38,093 [INFO] ApiDb:274 - Set plugin database path to: C:\Program Files (x86)\STM32CubeIDE_1.14.1\plugins\com.st.stm32cube.common.mx_6.10.0.202311202037\\db\/plugins/boardmanager/
2026-01-23 10:00:38,094 [WARN] ApiDb:259 - Overriding images path with different value:  => C:\Program Files (x86)\STM32CubeIDE_1.14.1\plugins\com.st.stm32cube.common.mx_6.10.0.202311202037\\db\/plugins/mcufinder/images/
2026-01-23 10:00:38,106 [INFO] ApiDb:250 - Set database path to: C:\Users\tka008729\.stmcufinder\plugins\mcufinder//mcu/
2026-01-23 10:00:38,108 [INFO] DbMcusAds:125 - Set database path to: C:\Users\tka008729\.stmcufinder\plugins\mcufinder//mcu/
2026-01-23 10:00:38,110 [INFO] CrossReferenceDbSqlite:203 - Set database path to: C:\Users\tka008729\.stmcufinder\plugins\mcufinder//mcu/cs/
2026-01-23 10:00:38,222 [INFO] RulesReader:64 - Compatibility file has been processed (297 Rules)
2026-01-23 10:00:38,299 [INFO] DbMcusXml:78 - Set database path to: C:\Program Files (x86)\STM32CubeIDE_1.14.1\plugins\com.st.stm32cube.common.mx_6.10.0.202311202037\\db\/mcu/
2026-01-23 10:00:38,300 [INFO] ApiDb:274 - Set plugin database path to: C:\Program Files (x86)\STM32CubeIDE_1.14.1\plugins\com.st.stm32cube.common.mx_6.10.0.202311202037\\db\/plugins/boardmanager/
2026-01-23 10:00:38,300 [INFO] ApiDb:261 - Set plugin images path to: C:\Program Files (x86)\STM32CubeIDE_1.14.1\plugins\com.st.stm32cube.common.mx_6.10.0.202311202037\\db\/plugins/mcufinder/images/
2026-01-23 10:00:38,300 [WARN] DbFile:41 - Overriding database path with different value: C:\Users\tka008729\.stmcufinder\plugins\mcufinder/ => C:\Users\tka008729\.stmcufinder\plugins\mcufinder
2026-01-23 10:00:38,300 [INFO] ApiDb:250 - Set database path to: C:\Users\tka008729\.stmcufinder\plugins\mcufinder//mcu/
2026-01-23 10:00:38,300 [WARN] DbFile:41 - Overriding database path with different value: C:\Users\tka008729\.stmcufinder\plugins\mcufinder/ => C:\Users\tka008729\.stmcufinder\plugins\mcufinder
2026-01-23 10:00:38,300 [INFO] DbMcusAds:125 - Set database path to: C:\Users\tka008729\.stmcufinder\plugins\mcufinder//mcu/
2026-01-23 10:00:38,300 [WARN] DbFile:41 - Overriding database path with different value: C:\Users\tka008729\.stmcufinder\plugins\mcufinder/ => C:\Users\tka008729\.stmcufinder\plugins\mcufinder
2026-01-23 10:00:38,300 [WARN] DbFile:41 - Overriding database path with different value: C:\Users\tka008729\.stmcufinder\plugins\mcufinder/ => C:\Users\tka008729\.stmcufinder\plugins\mcufinder
2026-01-23 10:00:38,300 [INFO] CrossReferenceDbSqlite:203 - Set database path to: C:\Users\tka008729\.stmcufinder\plugins\mcufinder//mcu/cs/
2026-01-23 10:00:38,371 [INFO] MainPanel:264 - HeapMemory: 268435456
2026-01-23 10:00:38,445 [INFO] DbMcusXml:78 - Set database path to: C:\Program Files (x86)\STM32CubeIDE_1.14.1\plugins\com.st.stm32cube.common.mx_6.10.0.202311202037\\db\/mcu/
2026-01-23 10:00:38,446 [INFO] ApiDb:274 - Set plugin database path to: C:\Program Files (x86)\STM32CubeIDE_1.14.1\plugins\com.st.stm32cube.common.mx_6.10.0.202311202037\\db\/plugins/boardmanager/
2026-01-23 10:00:38,446 [INFO] ApiDb:261 - Set plugin images path to: C:\Program Files (x86)\STM32CubeIDE_1.14.1\plugins\com.st.stm32cube.common.mx_6.10.0.202311202037\\db\/plugins/mcufinder/images/
2026-01-23 10:00:38,446 [WARN] DbFile:41 - Overriding database path with different value: C:\Users\tka008729\.stmcufinder\plugins\mcufinder/ => C:\Users\tka008729\.stmcufinder\plugins\mcufinder
2026-01-23 10:00:38,446 [INFO] ApiDb:250 - Set database path to: C:\Users\tka008729\.stmcufinder\plugins\mcufinder//mcu/
2026-01-23 10:00:38,446 [WARN] DbFile:41 - Overriding database path with different value: C:\Users\tka008729\.stmcufinder\plugins\mcufinder/ => C:\Users\tka008729\.stmcufinder\plugins\mcufinder
2026-01-23 10:00:38,446 [INFO] DbMcusAds:125 - Set database path to: C:\Users\tka008729\.stmcufinder\plugins\mcufinder//mcu/
2026-01-23 10:00:38,446 [WARN] DbFile:41 - Overriding database path with different value: C:\Users\tka008729\.stmcufinder\plugins\mcufinder/ => C:\Users\tka008729\.stmcufinder\plugins\mcufinder
2026-01-23 10:00:38,446 [WARN] DbFile:41 - Overriding database path with different value: C:\Users\tka008729\.stmcufinder\plugins\mcufinder/ => C:\Users\tka008729\.stmcufinder\plugins\mcufinder
2026-01-23 10:00:38,446 [INFO] CrossReferenceDbSqlite:203 - Set database path to: C:\Users\tka008729\.stmcufinder\plugins\mcufinder//mcu/cs/
2026-01-23 10:00:38,461 [INFO] ApplicationProperties:184 - Using Application install path: C:\Program Files (x86)\STM32CubeIDE_1.14.1\plugins\com.st.stm32cube.common.mx_6.10.0.202311202037
2026-01-23 10:00:38,462 [INFO] PluginManage:196 - Search for loadable plugins [exclusion list=, ]
2026-01-23 10:00:38,463 [INFO] PluginManage:310 - Check plugin analytics
2026-01-23 10:00:38,628 [INFO] AnalyticsPlugin:253 - Accepted Software Licenses: 
2026-01-23 10:00:38,629 [INFO] AnalyticsPlugin:255 - Accepted CMSIS Pack Licenses: 
2026-01-23 10:00:38,629 [INFO] AnalyticsPlugin:257 - Accepted Firmware Licenses: FW.G4.1.5.0
2026-01-23 10:00:38,632 [INFO] PluginManage:359 - Loaded plugin analytics (category:tool,tabindex:-1)
2026-01-23 10:00:38,632 [INFO] PluginManage:310 - Check plugin cadmodel
2026-01-23 10:00:38,638 [INFO] CADModel:105 - Init CAD model plugin
2026-01-23 10:00:38,638 [INFO] PluginManage:359 - Loaded plugin cadmodel (category:power,tabindex:5)
2026-01-23 10:00:38,639 [INFO] PluginManage:310 - Check plugin clock
2026-01-23 10:00:38,649 [INFO] PluginManage:359 - Loaded plugin clock (category:base,tabindex:2)
2026-01-23 10:00:38,649 [INFO] PluginManage:310 - Check plugin ddr
2026-01-23 10:00:38,652 [INFO] PluginManage:359 - Loaded plugin ddr (category:tool,tabindex:6)
2026-01-23 10:00:38,652 [INFO] PluginManage:310 - Check plugin filemanager
2026-01-23 10:00:38,761 [INFO] PluginManage:359 - Loaded plugin filemanager (category:base,tabindex:10)
2026-01-23 10:00:38,761 [INFO] PluginManage:310 - Check plugin ipmanager
2026-01-23 10:00:38,769 [INFO] PluginManage:359 - Loaded plugin ipmanager (category:base,tabindex:5)
2026-01-23 10:00:38,769 [INFO] PluginManage:310 - Check plugin lpbam
2026-01-23 10:00:38,777 [INFO] PluginManage:359 - Loaded plugin lpbam (category:base,tabindex:0)
2026-01-23 10:00:38,777 [INFO] PluginManage:310 - Check plugin memorymap
2026-01-23 10:00:38,793 [INFO] PluginManage:359 - Loaded plugin memorymap (category:base,tabindex:4)
2026-01-23 10:00:38,793 [INFO] PluginManage:310 - Check plugin pinoutandconfiguration
2026-01-23 10:00:38,802 [INFO] PluginManage:359 - Loaded plugin pinoutandconfiguration (category:base,tabindex:1)
2026-01-23 10:00:38,803 [INFO] PluginManage:310 - Check plugin pinoutconfig
2026-01-23 10:00:38,880 [WARN] SupportedApi:132 - Cannot load RTOS API schema: s4s-elt-must-match.1: The content of 'definitions' must match (annotation?, (simpleType | complexType)?, (unique | key | keyref)*)). A problem was found starting at: attribute.
2026-01-23 10:00:38,989 [INFO] PluginManage:359 - Loaded plugin pinoutconfig (category:base,tabindex:0)
2026-01-23 10:00:38,989 [INFO] PluginManage:310 - Check plugin power
2026-01-23 10:00:39,002 [INFO] PluginManage:359 - Loaded plugin power (category:power,tabindex:4)
2026-01-23 10:00:39,003 [INFO] PluginManage:310 - Check plugin projectmanager
2026-01-23 10:00:39,019 [INFO] PluginManage:359 - Loaded plugin projectmanager (category:projectmanager,tabindex:3)
2026-01-23 10:00:39,019 [INFO] PluginManage:310 - Check plugin thirdparty
2026-01-23 10:00:39,132 [INFO] PluginManage:359 - Loaded plugin thirdparty (category:base,tabindex:-1)
2026-01-23 10:00:39,132 [WARN] IntegrityCheckThread:84 - waiting for thirdparty lock release [integrity check]
2026-01-23 10:00:39,132 [INFO] PluginManage:310 - Check plugin tools
2026-01-23 10:00:39,132 [INFO] IntegrityCheckThread:86 - entering critical section [integrity check]
2026-01-23 10:00:39,133 [INFO] ThirdPartyUpdaterWithRetryManager:70 - Updater plugin not ready yet. [1/15]
2026-01-23 10:00:39,135 [INFO] PluginManage:359 - Loaded plugin tools (category:base,tabindex:7)
2026-01-23 10:00:39,135 [INFO] PluginManage:310 - Check plugin tutovideos
2026-01-23 10:00:39,265 [INFO] PluginManage:359 - Loaded plugin tutovideos (category:base,tabindex:-1)
2026-01-23 10:00:39,265 [INFO] PluginManage:310 - Check plugin updater
2026-01-23 10:00:39,276 [INFO] PluginManage:359 - Loaded plugin updater (category:base,tabindex:12)
2026-01-23 10:00:39,277 [INFO] PluginManage:310 - Check plugin userauth
2026-01-23 10:00:39,282 [INFO] UserAuth:114 - Init User Auth plugin
2026-01-23 10:00:39,282 [INFO] PluginManage:359 - Loaded plugin userauth (category:base,tabindex:14)
2026-01-23 10:00:39,283 [INFO] PluginManage:283 - PluginManage : Loaded plugins [17]
2026-01-23 10:00:39,471 [INFO] PinOutPanel:1499 - setPackage(No Configuration,No Configuration)
2026-01-23 10:00:39,542 [INFO] CADModel:165 - CPN selected for project level
2026-01-23 10:00:39,542 [INFO] CADModel:114 - Register for checkConnection events
2026-01-23 10:00:39,557 [INFO] IPUIPlugin:80 - create IPUIPlugin
2026-01-23 10:00:39,557 [INFO] PluginManager:220 - loadIPPluginJar : add adc
2026-01-23 10:00:39,559 [INFO] IPUIPlugin:80 - create IPUIPlugin
2026-01-23 10:00:39,559 [INFO] PluginManager:220 - loadIPPluginJar : add aes
2026-01-23 10:00:39,562 [INFO] IPUIPlugin:80 - create IPUIPlugin
2026-01-23 10:00:39,562 [INFO] PluginManager:220 - loadIPPluginJar : add can
2026-01-23 10:00:39,563 [INFO] IPUIPlugin:80 - create IPUIPlugin
2026-01-23 10:00:39,563 [INFO] PluginManager:220 - loadIPPluginJar : add comp
2026-01-23 10:00:39,566 [INFO] IPUIPlugin:80 - create IPUIPlugin
2026-01-23 10:00:39,566 [INFO] PluginManager:220 - loadIPPluginJar : add cryp
2026-01-23 10:00:39,567 [INFO] IPUIPlugin:80 - create IPUIPlugin
2026-01-23 10:00:39,567 [INFO] PluginManager:220 - loadIPPluginJar : add dfsdm
2026-01-23 10:00:39,572 [INFO] IPUIPlugin:80 - create IPUIPlugin
2026-01-23 10:00:39,573 [INFO] PluginManager:220 - loadIPPluginJar : add dma
2026-01-23 10:00:39,574 [INFO] IPUIPlugin:80 - create IPUIPlugin
2026-01-23 10:00:39,574 [INFO] PluginManager:220 - loadIPPluginJar : add dma3
2026-01-23 10:00:39,576 [INFO] IPUIPlugin:80 - create IPUIPlugin
2026-01-23 10:00:39,576 [INFO] PluginManager:220 - loadIPPluginJar : add fatfs
2026-01-23 10:00:39,578 [INFO] IPUIPlugin:80 - create IPUIPlugin
2026-01-23 10:00:39,578 [INFO] PluginManager:220 - loadIPPluginJar : add fmc
2026-01-23 10:00:39,583 [INFO] IPUIPlugin:80 - create IPUIPlugin
2026-01-23 10:00:39,583 [INFO] PluginManager:220 - loadIPPluginJar : add freertos
2026-01-23 10:00:39,584 [INFO] IPUIPlugin:80 - create IPUIPlugin
2026-01-23 10:00:39,584 [INFO] PluginManager:220 - loadIPPluginJar : add genericplugin
2026-01-23 10:00:39,586 [INFO] IPUIPlugin:80 - create IPUIPlugin
2026-01-23 10:00:39,586 [INFO] PluginManager:220 - loadIPPluginJar : add gfxmmu
2026-01-23 10:00:39,589 [INFO] IPUIPlugin:80 - create IPUIPlugin
2026-01-23 10:00:39,590 [INFO] PluginManager:220 - loadIPPluginJar : add gic
2026-01-23 10:00:39,593 [INFO] IPUIPlugin:80 - create IPUIPlugin
2026-01-23 10:00:39,593 [INFO] PluginManager:220 - loadIPPluginJar : add gpio
2026-01-23 10:00:39,595 [INFO] IPUIPlugin:80 - create IPUIPlugin
2026-01-23 10:00:39,595 [INFO] PluginManager:220 - loadIPPluginJar : add gtzc
2026-01-23 10:00:39,597 [INFO] IPUIPlugin:80 - create IPUIPlugin
2026-01-23 10:00:39,597 [INFO] PluginManager:220 - loadIPPluginJar : add hash
2026-01-23 10:00:39,599 [INFO] IPUIPlugin:80 - create IPUIPlugin
2026-01-23 10:00:39,599 [INFO] PluginManager:220 - loadIPPluginJar : add i2c
2026-01-23 10:00:39,601 [INFO] IPUIPlugin:80 - create IPUIPlugin
2026-01-23 10:00:39,601 [INFO] PluginManager:220 - loadIPPluginJar : add i2s
2026-01-23 10:00:39,603 [INFO] IPUIPlugin:80 - create IPUIPlugin
2026-01-23 10:00:39,603 [INFO] PluginManager:220 - loadIPPluginJar : add i3c
2026-01-23 10:00:39,606 [INFO] IPUIPlugin:80 - create IPUIPlugin
2026-01-23 10:00:39,606 [INFO] PluginManager:220 - loadIPPluginJar : add ipddr
2026-01-23 10:00:39,612 [INFO] IPUIPlugin:80 - create IPUIPlugin
2026-01-23 10:00:39,612 [INFO] PluginManager:220 - loadIPPluginJar : add linkedlist
2026-01-23 10:00:39,614 [INFO] IPUIPlugin:80 - create IPUIPlugin
2026-01-23 10:00:39,614 [INFO] PluginManager:220 - loadIPPluginJar : add lorawan
2026-01-23 10:00:39,616 [INFO] IPUIPlugin:80 - create IPUIPlugin
2026-01-23 10:00:39,616 [INFO] PluginManager:220 - loadIPPluginJar : add ltdc
2026-01-23 10:00:39,620 [INFO] IPUIPlugin:80 - create IPUIPlugin
2026-01-23 10:00:39,620 [INFO] PluginManager:220 - loadIPPluginJar : add mdma
2026-01-23 10:00:39,625 [INFO] IPUIPlugin:80 - create IPUIPlugin
2026-01-23 10:00:39,625 [INFO] PluginManager:220 - loadIPPluginJar : add nvic
2026-01-23 10:00:39,628 [INFO] IPUIPlugin:80 - create IPUIPlugin
2026-01-23 10:00:39,629 [INFO] PluginManager:220 - loadIPPluginJar : add opamp
2026-01-23 10:00:39,633 [INFO] IPUIPlugin:80 - create IPUIPlugin
2026-01-23 10:00:39,633 [INFO] PluginManager:220 - loadIPPluginJar : add openamp
2026-01-23 10:00:39,636 [INFO] IPUIPlugin:80 - create IPUIPlugin
2026-01-23 10:00:39,636 [INFO] PluginManager:220 - loadIPPluginJar : add pdm2pcm
2026-01-23 10:00:39,641 [INFO] IPUIPlugin:80 - create IPUIPlugin
2026-01-23 10:00:39,643 [INFO] PluginManager:220 - loadIPPluginJar : add plateformsettings
2026-01-23 10:00:39,644 [INFO] IPUIPlugin:80 - create IPUIPlugin
2026-01-23 10:00:39,644 [INFO] PluginManager:220 - loadIPPluginJar : add quadspi
2026-01-23 10:00:39,647 [INFO] IPUIPlugin:80 - create IPUIPlugin
2026-01-23 10:00:39,647 [INFO] PluginManager:220 - loadIPPluginJar : add resmgrutility
2026-01-23 10:00:39,650 [INFO] IPUIPlugin:80 - create IPUIPlugin
2026-01-23 10:00:39,650 [INFO] PluginManager:220 - loadIPPluginJar : add sai
2026-01-23 10:00:39,652 [INFO] IPUIPlugin:80 - create IPUIPlugin
2026-01-23 10:00:39,652 [INFO] PluginManager:220 - loadIPPluginJar : add spi
2026-01-23 10:00:39,656 [INFO] IPUIPlugin:80 - create IPUIPlugin
2026-01-23 10:00:39,656 [INFO] PluginManager:220 - loadIPPluginJar : add stm32_wpan
2026-01-23 10:00:39,656 [INFO] IPUIPlugin:80 - create IPUIPlugin
2026-01-23 10:00:39,656 [INFO] PluginManager:220 - loadIPPluginJar : add tim
2026-01-23 10:00:39,659 [INFO] IPUIPlugin:80 - create IPUIPlugin
2026-01-23 10:00:39,659 [INFO] PluginManager:220 - loadIPPluginJar : add touchsensing
2026-01-23 10:00:39,661 [INFO] IPUIPlugin:80 - create IPUIPlugin
2026-01-23 10:00:39,661 [INFO] PluginManager:220 - loadIPPluginJar : add tracer_emb
2026-01-23 10:00:39,663 [INFO] IPUIPlugin:80 - create IPUIPlugin
2026-01-23 10:00:39,663 [INFO] PluginManager:220 - loadIPPluginJar : add ts
2026-01-23 10:00:39,664 [INFO] IPUIPlugin:80 - create IPUIPlugin
2026-01-23 10:00:39,665 [INFO] PluginManager:220 - loadIPPluginJar : add tsc
2026-01-23 10:00:39,666 [INFO] IPUIPlugin:80 - create IPUIPlugin
2026-01-23 10:00:39,666 [INFO] PluginManager:220 - loadIPPluginJar : add ucpd
2026-01-23 10:00:39,668 [INFO] IPUIPlugin:80 - create IPUIPlugin
2026-01-23 10:00:39,668 [INFO] PluginManager:220 - loadIPPluginJar : add usart
2026-01-23 10:00:39,671 [INFO] IPUIPlugin:80 - create IPUIPlugin
2026-01-23 10:00:39,671 [INFO] PluginManager:220 - loadIPPluginJar : add usbx
2026-01-23 10:00:39,798 [INFO] CADModel:165 - CPN selected for project level
2026-01-23 10:00:39,799 [INFO] CADModel:114 - Register for checkConnection events
2026-01-23 10:00:39,799 [FATAL] Updater:308 - Updater called before beeing initialized
2026-01-23 10:00:39,799 [ERROR] CADModel:125 - Updater not yet initialized, retry later 
2026-01-23 10:00:39,889 [INFO] CADModel:165 - CPN selected for project level
2026-01-23 10:00:39,890 [INFO] CADModel:114 - Register for checkConnection events
2026-01-23 10:00:39,890 [FATAL] Updater:308 - Updater called before beeing initialized
2026-01-23 10:00:39,890 [ERROR] CADModel:125 - Updater not yet initialized, retry later 
2026-01-23 10:00:39,893 [FATAL] Updater:308 - Updater called before beeing initialized
2026-01-23 10:00:39,989 [FATAL] Updater:308 - Updater called before beeing initialized
2026-01-23 10:00:39,992 [INFO] DbMcusAds:53 - JSON generation date=Thu Jan 08 16:56:32 CET 2026 (1767887792457)
2026-01-23 10:00:39,992 [FATAL] Updater:308 - Updater called before beeing initialized
2026-01-23 10:00:40,024 [WARN] DetailPanel:346 - Failed to get advertising image, set to default
2026-01-23 10:00:40,094 [FATAL] Updater:308 - Updater called before beeing initialized
2026-01-23 10:00:40,096 [FATAL] Updater:308 - Updater called before beeing initialized
2026-01-23 10:00:40,096 [FATAL] Updater:308 - Updater called before beeing initialized
2026-01-23 10:00:40,096 [WARN] DetailPanel:346 - Failed to get advertising image, set to default
2026-01-23 10:00:40,096 [FATAL] Updater:308 - Updater called before beeing initialized
2026-01-23 10:00:40,141 [ERROR] Updater:1120 - MainUpdater not yet initialized. External WinMGr cannot be set.
2026-01-23 10:00:40,143 [INFO] Updater:1056 - Updater Version found : 6.10.0
2026-01-23 10:00:40,163 [INFO] ApplicationProperties:184 - Using Application install path: C:\Program Files (x86)\STM32CubeIDE_1.14.1\plugins\com.st.stm32cube.common.mx_6.10.0.202311202037
2026-01-23 10:00:40,387 [INFO] MainUpdater:2873 - connection check result : 10
2026-01-23 10:00:40,388 [INFO] MainUpdater:290 - Updater Check For Update Now.
2026-01-23 10:00:40,388 [INFO] MicroXplorer:498 - Change Database Version : DB.6.0.100
2026-01-23 10:00:40,396 [INFO] McuFinderGlobals:63 - Set McuFinder mode to 2 (CubeIDE integrated)
2026-01-23 10:00:40,556 [INFO] CheckServerUpdateThread:120 - End of CheckServer Thread
2026-01-23 10:00:40,594 [INFO] UserAuth:404 - Internet connection configuration mode: 1
2026-01-23 10:00:40,608 [INFO] JxBrowserEngine:152 - Initiate JxBrowser Engine with user profile folder
2026-01-23 10:00:41,393 [INFO] WebApp:161 - Instantiating new browser for Auth
2026-01-23 10:00:42,015 [INFO] WebApp:780 - Register for checkConnection events
2026-01-23 10:00:42,015 [INFO] WebApp:414 - Apply proxy settings
2026-01-23 10:00:42,016 [INFO] WebApp:499 - Chromium requires no authentication
2026-01-23 10:00:42,027 [INFO] WebApp:442 - Direct internet connection detected
2026-01-23 10:00:42,214 [INFO] WebApp:192 - Starting web application
2026-01-23 10:00:42,215 [INFO] WebApp:544 - Web application path used C:\Program Files (x86)\STM32CubeIDE_1.14.1\plugins\com.st.stm32cube.common.mx_6.10.0.202311202037\db\plugins\mcufinder\reactClient1\index.html
2026-01-23 10:00:42,408 [WARN] PackLoader:240 - Cannot read IP mode file for STMicroelectronics.FP-SNS-MOTENVWB1.1.4.0
2026-01-23 10:00:42,417 [WARN] PackLoader:240 - Cannot read IP mode file for STMicroelectronics.FP-ATR-ASTRA1.2.0.2
2026-01-23 10:00:42,427 [WARN] PackLoader:240 - Cannot read IP mode file for STMicroelectronics.X-CUBE-SMBUS.2.1.0
2026-01-23 10:00:42,449 [WARN] PackLoader:240 - Cannot read IP mode file for STMicroelectronics.X-CUBE-AZRTOS-F7.1.1.0
2026-01-23 10:00:42,455 [ERROR] Engine:466 - C:\Users\tka008729\.stm32cubemx\thirdparties\pdsc\STMicroelectronics.FP-SNS-MOTENV1.5.1.0.pdsc: PDSC version is not supported
2026-01-23 10:00:42,460 [ERROR] Engine:466 - C:\Users\tka008729\.stm32cubemx\thirdparties\pdsc\WES.I-CUBE-Cesium.1.4.0.pdsc: PDSC version is not supported
2026-01-23 10:00:42,484 [WARN] PackLoader:240 - Cannot read IP mode file for STMicroelectronics.X-CUBE-AZRTOS-H7.3.4.0
2026-01-23 10:00:42,499 [WARN] PackLoader:240 - Cannot read IP mode file for STMicroelectronics.X-CUBE-DISPLAY.3.0.0
2026-01-23 10:00:42,516 [WARN] PackLoader:240 - Cannot read IP mode file for STMicroelectronics.X-CUBE-NFC10.1.0.0
2026-01-23 10:00:42,523 [ERROR] Engine:466 - C:\Users\tka008729\.stm32cubemx\thirdparties\pdsc\STMicroelectronics.X-CUBE-ST60.1.1.0.pdsc: PDSC version is not supported
2026-01-23 10:00:42,530 [WARN] PackLoader:240 - Cannot read IP mode file for emotas.I-CUBE-CANOPEN.1.3.0
2026-01-23 10:00:42,537 [WARN] PackLoader:240 - Cannot read IP mode file for STMicroelectronics.X-CUBE-GNSS1.7.1.0
2026-01-23 10:00:42,543 [ERROR] Engine:466 - C:\Users\tka008729\.stm32cubemx\thirdparties\pdsc\STMicroelectronics.FP-SNS-STBOX1.2.1.0.pdsc: PDSC version is not supported
2026-01-23 10:00:42,549 [WARN] PackLoader:240 - Cannot read IP mode file for STMicroelectronics.FP-SNS-SMARTAG2.1.2.0
2026-01-23 10:00:42,552 [ERROR] Engine:466 - C:\Users\tka008729\.stm32cubemx\thirdparties\pdsc\STMicroelectronics.FP-SNS-FLIGHT1.5.1.0.pdsc: PDSC version is not supported
2026-01-23 10:00:42,564 [INFO] LogOutputStream:77 - [STDOUT_REDIRECT] 1 : Invalid condition id : UX_CORESTACK_Condition cause : null
2026-01-23 10:00:42,564 [INFO] LogOutputStream:77 - [STDOUT_REDIRECT] 1 : Invalid condition id : UX_CORESTACK_Condition cause : null
2026-01-23 10:00:42,566 [INFO] LogOutputStream:77 - [STDOUT_REDIRECT] 1 : Invalid condition id : UX_CORESTACK_Condition cause : null
2026-01-23 10:00:42,568 [INFO] LogOutputStream:77 - [STDOUT_REDIRECT] 1 : Invalid condition id : UX_CORESTACK_Condition cause : null
2026-01-23 10:00:42,570 [INFO] LogOutputStream:77 - [STDOUT_REDIRECT] 1 : Invalid condition id : UX_CORESTACK_Condition cause : null
2026-01-23 10:00:42,575 [WARN] PackLoader:240 - Cannot read IP mode file for STMicroelectronics.X-CUBE-AZRTOS-WL.2.0.0
2026-01-23 10:00:42,592 [WARN] PackLoader:240 - Cannot read IP mode file for STMicroelectronics.X-CUBE-AZRTOS-H7RS.1.2.0
2026-01-23 10:00:42,603 [WARN] PackLoader:240 - Cannot read IP mode file for STMicroelectronics.X-CUBE-BLE2.3.3.0
2026-01-23 10:00:42,605 [ERROR] Engine:466 - C:\Users\tka008729\.stm32cubemx\thirdparties\pdsc\Avnet-IOTCONNECT.X-CUBE-iotc-st67-sdk.1.0.0.pdsc: PDSC version is not supported
2026-01-23 10:00:42,620 [WARN] PackLoader:240 - Cannot read IP mode file for Infineon.AIROC-Wi-Fi-Bluetooth-STM32.1.8.0
2026-01-23 10:00:42,629 [WARN] PackLoader:240 - Cannot read IP mode file for STMicroelectronics.X-CUBE-NFC9.1.0.0
2026-01-23 10:00:42,634 [WARN] PackLoader:240 - Cannot read IP mode file for STMicroelectronics.X-CUBE-BLE1.7.1.0
2026-01-23 10:00:42,638 [WARN] PackLoader:240 - Cannot read IP mode file for wolfSSL.I-CUBE-wolfMQTT.1.19.2
2026-01-23 10:00:42,641 [ERROR] Engine:466 - C:\Users\tka008729\.stm32cubemx\thirdparties\pdsc\STMicroelectronics.X-CUBE-FREERTOS.1.4.0.pdsc: PDSC version is not supported
2026-01-23 10:00:42,645 [WARN] PackLoader:240 - Cannot read IP mode file for STMicroelectronics.X-CUBE-EEPRMA1.5.2.0
2026-01-23 10:00:42,651 [WARN] PackLoader:240 - Cannot read IP mode file for wolfSSL.I-CUBE-wolfSSL.5.8.4
2026-01-23 10:00:42,654 [ERROR] Engine:466 - C:\Users\tka008729\.stm32cubemx\thirdparties\pdsc\Cesanta.I-CUBE-Mongoose.7.20.0.pdsc: PDSC version is not supported
2026-01-23 10:00:42,657 [ERROR] Engine:466 - C:\Users\tka008729\.stm32cubemx\thirdparties\pdsc\STMicroelectronics.X-CUBE-ST67W61.1.1.0.pdsc: PDSC version is not supported
2026-01-23 10:00:42,685 [WARN] PackLoader:240 - Cannot read IP mode file for STMicroelectronics.X-CUBE-MEMS1.12.0.0
2026-01-23 10:00:42,752 [WARN] PackLoader:240 - Cannot read IP mode file for STMicroelectronics.X-CUBE-AZRTOS-G0.1.1.0
2026-01-23 10:00:42,759 [WARN] PackLoader:240 - Cannot read IP mode file for STMicroelectronics.X-CUBE-NFC4.3.0.0
2026-01-23 10:00:42,769 [WARN] PackLoader:240 - Cannot read IP mode file for EmbeddedOffice.I-CUBE-FS-RTOS.1.0.1
2026-01-23 10:00:42,770 [ERROR] ConditionMgr:805 - Attr not supported : Dmpu
2026-01-23 10:00:42,770 [ERROR] ConditionMgr:805 - Attr not supported : Dmpu
2026-01-23 10:00:42,770 [ERROR] ConditionMgr:805 - Attr not supported : Dmpu
2026-01-23 10:00:42,770 [ERROR] ConditionMgr:805 - Attr not supported : Dmpu
2026-01-23 10:00:42,770 [ERROR] ConditionMgr:805 - Attr not supported : Dmpu
2026-01-23 10:00:42,770 [ERROR] ConditionMgr:805 - Attr not supported : Dmpu
2026-01-23 10:00:42,770 [ERROR] ConditionMgr:805 - Attr not supported : Dmpu
2026-01-23 10:00:42,770 [ERROR] ConditionMgr:805 - Attr not supported : Dmpu
2026-01-23 10:00:42,770 [ERROR] ConditionMgr:805 - Attr not supported : Dmpu
2026-01-23 10:00:42,770 [ERROR] ConditionMgr:805 - Attr not supported : Dmpu
2026-01-23 10:00:42,770 [ERROR] ConditionMgr:805 - Attr not supported : Dmpu
2026-01-23 10:00:42,770 [ERROR] ConditionMgr:805 - Attr not supported : Dmpu
2026-01-23 10:00:42,771 [ERROR] ConditionMgr:805 - Attr not supported : Dmpu
2026-01-23 10:00:42,771 [ERROR] ConditionMgr:805 - Attr not supported : Dmpu
2026-01-23 10:00:42,771 [ERROR] ConditionMgr:805 - Attr not supported : Dmpu
2026-01-23 10:00:42,771 [ERROR] ConditionMgr:805 - Attr not supported : Dmpu
2026-01-23 10:00:42,771 [ERROR] ConditionMgr:805 - Attr not supported : Dmpu
2026-01-23 10:00:42,771 [ERROR] ConditionMgr:805 - Attr not supported : Dmpu
2026-01-23 10:00:42,771 [ERROR] ConditionMgr:805 - Attr not supported : Dmpu
2026-01-23 10:00:42,771 [ERROR] ConditionMgr:805 - Attr not supported : Dmpu
2026-01-23 10:00:42,771 [ERROR] ConditionMgr:805 - Attr not supported : Dmpu
2026-01-23 10:00:42,771 [ERROR] ConditionMgr:805 - Attr not supported : Dmpu
2026-01-23 10:00:42,771 [ERROR] ConditionMgr:805 - Attr not supported : Dmpu
2026-01-23 10:00:42,771 [ERROR] ConditionMgr:805 - Attr not supported : Dmpu
2026-01-23 10:00:42,771 [ERROR] ConditionMgr:805 - Attr not supported : Dmpu
2026-01-23 10:00:42,771 [ERROR] ConditionMgr:805 - Attr not supported : Dmpu
2026-01-23 10:00:42,771 [ERROR] ConditionMgr:805 - Attr not supported : Dmpu
2026-01-23 10:00:42,771 [ERROR] ConditionMgr:805 - Attr not supported : Dmpu
2026-01-23 10:00:42,771 [ERROR] ConditionMgr:805 - Attr not supported : Dmpu
2026-01-23 10:00:42,771 [ERROR] ConditionMgr:805 - Attr not supported : Dmpu
2026-01-23 10:00:42,771 [ERROR] ConditionMgr:805 - Attr not supported : Dmpu
2026-01-23 10:00:42,771 [ERROR] ConditionMgr:805 - Attr not supported : Dmpu
2026-01-23 10:00:42,771 [ERROR] ConditionMgr:805 - Attr not supported : Dmpu
2026-01-23 10:00:42,771 [ERROR] ConditionMgr:805 - Attr not supported : Dmpu
2026-01-23 10:00:42,771 [ERROR] ConditionMgr:805 - Attr not supported : Dmpu
2026-01-23 10:00:42,771 [ERROR] ConditionMgr:805 - Attr not supported : Dmpu
2026-01-23 10:00:42,772 [ERROR] ConditionMgr:805 - Attr not supported : Dmpu
2026-01-23 10:00:42,772 [ERROR] ConditionMgr:805 - Attr not supported : Dmpu
2026-01-23 10:00:42,772 [ERROR] ConditionMgr:805 - Attr not supported : Dmpu
2026-01-23 10:00:42,772 [ERROR] ConditionMgr:805 - Attr not supported : Dmpu
2026-01-23 10:00:42,772 [ERROR] ConditionMgr:805 - Attr not supported : Dmpu
2026-01-23 10:00:42,772 [ERROR] ConditionMgr:805 - Attr not supported : Dmpu
2026-01-23 10:00:42,772 [ERROR] ConditionMgr:805 - Attr not supported : Dmpu
2026-01-23 10:00:42,772 [ERROR] ConditionMgr:805 - Attr not supported : Dmpu
2026-01-23 10:00:42,772 [ERROR] ConditionMgr:805 - Attr not supported : Dmpu
2026-01-23 10:00:42,772 [ERROR] ConditionMgr:805 - Attr not supported : Dmpu
2026-01-23 10:00:42,772 [ERROR] ConditionMgr:805 - Attr not supported : Dmpu
2026-01-23 10:00:42,772 [ERROR] ConditionMgr:805 - Attr not supported : Dmpu
2026-01-23 10:00:42,772 [ERROR] ConditionMgr:805 - Attr not supported : Dmpu
2026-01-23 10:00:42,772 [ERROR] ConditionMgr:805 - Attr not supported : Dmpu
2026-01-23 10:00:42,772 [ERROR] ConditionMgr:805 - Attr not supported : Dmpu
2026-01-23 10:00:42,772 [ERROR] ConditionMgr:805 - Attr not supported : Dmpu
2026-01-23 10:00:42,772 [ERROR] ConditionMgr:805 - Attr not supported : Dmpu
2026-01-23 10:00:42,772 [ERROR] ConditionMgr:805 - Attr not supported : Dmpu
2026-01-23 10:00:42,772 [ERROR] ConditionMgr:805 - Attr not supported : Dmpu
2026-01-23 10:00:42,772 [ERROR] ConditionMgr:805 - Attr not supported : Dmpu
2026-01-23 10:00:42,772 [ERROR] ConditionMgr:805 - Attr not supported : Dmpu
2026-01-23 10:00:42,772 [ERROR] ConditionMgr:805 - Attr not supported : Dmpu
2026-01-23 10:00:42,772 [ERROR] ConditionMgr:805 - Attr not supported : Dmpu
2026-01-23 10:00:42,773 [ERROR] ConditionMgr:805 - Attr not supported : Dmpu
2026-01-23 10:00:42,773 [ERROR] ConditionMgr:805 - Attr not supported : Dmpu
2026-01-23 10:00:42,773 [ERROR] ConditionMgr:805 - Attr not supported : Dmpu
2026-01-23 10:00:42,773 [ERROR] ConditionMgr:805 - Attr not supported : Dmpu
2026-01-23 10:00:42,773 [ERROR] ConditionMgr:805 - Attr not supported : Dmpu
2026-01-23 10:00:42,778 [WARN] PackLoader:240 - Cannot read IP mode file for STMicroelectronics.X-CUBE-WB05N.2.0.0
2026-01-23 10:00:42,782 [WARN] PackLoader:240 - Cannot read IP mode file for wolfSSL.I-CUBE-wolfTPM.3.8.0
2026-01-23 10:00:42,785 [ERROR] Engine:466 - C:\Users\tka008729\.stm32cubemx\thirdparties\pdsc\STMicroelectronics.X-CUBE-TCPP.4.2.0.pdsc: PDSC version is not supported
2026-01-23 10:00:42,790 [WARN] PackLoader:240 - Cannot read IP mode file for RealThread.X-CUBE-RT-Thread_Nano.4.1.1
2026-01-23 10:00:42,795 [WARN] PackLoader:240 - Cannot read IP mode file for STMicroelectronics.FP-ATR-SIGFOX1.3.2.0
2026-01-23 10:00:42,800 [WARN] PackLoader:240 - Cannot read IP mode file for ITTIA_DB.I-CUBE-ITTIADB.8.9.0
2026-01-23 10:00:42,805 [WARN] PackLoader:240 - Cannot read IP mode file for STMicroelectronics.X-CUBE-AI.10.2.0
2026-01-23 10:00:42,825 [WARN] PackLoader:240 - Cannot read IP mode file for SEGGER.I-CUBE-embOS.1.3.1
2026-01-23 10:00:42,850 [WARN] PackLoader:240 - Cannot read IP mode file for STMicroelectronics.X-CUBE-ALGOBUILD.1.4.0
2026-01-23 10:00:42,855 [WARN] PackLoader:240 - Cannot read IP mode file for STMicroelectronics.X-CUBE-PM33A1.1.0.0
2026-01-23 10:00:42,868 [WARN] PackLoader:240 - Cannot read IP mode file for STMicroelectronics.X-CUBE-AZRTOS-F4.1.1.0
2026-01-23 10:00:42,875 [WARN] PackLoader:240 - Cannot read IP mode file for STMicroelectronics.X-CUBE-ISPU.2.1.0
2026-01-23 10:00:42,879 [ERROR] Engine:466 - C:\Users\tka008729\.stm32cubemx\thirdparties\pdsc\STMicroelectronics.X-CUBE-IPS.3.2.0.pdsc: PDSC version is not supported
2026-01-23 10:00:42,885 [WARN] PackLoader:240 - Cannot read IP mode file for STMicroelectronics.X-CUBE-NFC12.1.0.0
2026-01-23 10:00:42,902 [WARN] PackLoader:240 - Cannot read IP mode file for STMicroelectronics.X-CUBE-AZRTOS-L5.2.0.0
2026-01-23 10:00:42,912 [WARN] PackLoader:240 - Cannot read IP mode file for STMicroelectronics.X-CUBE-NFC6.3.1.0
2026-01-23 10:00:42,919 [WARN] PackLoader:240 - Cannot read IP mode file for STMicroelectronics.X-CUBE-TOUCHGFX.4.26.0
2026-01-23 10:00:42,922 [ERROR] Engine:466 - C:\Users\tka008729\.stm32cubemx\thirdparties\pdsc\STMicroelectronics.FP-SNS-STAIOTCFT.1.0.0.pdsc: PDSC version is not supported
2026-01-23 10:00:42,928 [WARN] PackLoader:240 - Cannot read IP mode file for STMicroelectronics.X-CUBE-DPower.1.3.0
2026-01-23 10:00:42,942 [WARN] ConditionMgr:438 - getConditionDescription Invalid condition id : LAN8742 Phy interface Condition cause : null
2026-01-23 10:00:42,942 [WARN] PackLoader:240 - Cannot read IP mode file for STMicroelectronics.X-CUBE-AZRTOS-L4.2.0.0
2026-01-23 10:00:42,943 [WARN] ConditionMgr:1039 - genDependencies : Invalid condition id : LAN8742 Phy interface Condition cause : null
2026-01-23 10:00:42,943 [WARN] ConditionMgr:1039 - genDependencies : Invalid condition id : LAN8742 Phy interface Condition cause : null
2026-01-23 10:00:42,944 [WARN] ConditionMgr:1039 - genDependencies : Invalid condition id : LAN8742 Phy interface Condition cause : null
2026-01-23 10:00:42,951 [WARN] PackLoader:240 - Cannot read IP mode file for STMicroelectronics.X-CUBE-SFXS2LP1.4.0.0
2026-01-23 10:00:42,955 [ERROR] Engine:466 - C:\Users\tka008729\.stm32cubemx\thirdparties\pdsc\STMicroelectronics.X-CUBE-ST67W61.1.2.0.pdsc: PDSC version is not supported
2026-01-23 10:00:42,958 [ERROR] Engine:466 - C:\Users\tka008729\.stm32cubemx\thirdparties\pdsc\STMicroelectronics.X-CUBE-BLEMGR.4.1.0.pdsc: PDSC version is not supported
2026-01-23 10:00:42,967 [WARN] ConditionMgr:438 - getConditionDescription Invalid condition id : UX DEVICE CLASS RTOS Condition cause : null
2026-01-23 10:00:42,968 [WARN] ConditionMgr:438 - getConditionDescription Invalid condition id : UX DEVICE CLASS RTOS Condition cause : null
2026-01-23 10:00:42,969 [WARN] PackLoader:240 - Cannot read IP mode file for STMicroelectronics.X-CUBE-AZRTOS-WB.2.0.0
2026-01-23 10:00:42,970 [WARN] ConditionMgr:1039 - genDependencies : Invalid condition id : UX DEVICE CLASS RTOS Condition cause : null
2026-01-23 10:00:42,970 [WARN] ConditionMgr:1039 - genDependencies : Invalid condition id : UX DEVICE CLASS RTOS Condition cause : null
2026-01-23 10:00:42,971 [WARN] ConditionMgr:1039 - genDependencies : Invalid condition id : UX DEVICE CLASS RTOS Condition cause : null
2026-01-23 10:00:42,971 [WARN] ConditionMgr:1039 - genDependencies : Invalid condition id : UX DEVICE CLASS RTOS Condition cause : null
2026-01-23 10:00:42,971 [WARN] ConditionMgr:1039 - genDependencies : Invalid condition id : UX DEVICE CLASS RTOS Condition cause : null
2026-01-23 10:00:42,975 [WARN] ConditionMgr:438 - getConditionDescription Invalid condition id : Cortex-A Device cause : null
2026-01-23 10:00:42,990 [WARN] ConditionMgr:1039 - genDependencies : Invalid condition id : Cortex-A Device cause : null
2026-01-23 10:00:42,990 [WARN] ConditionMgr:1039 - genDependencies : Invalid condition id : Cortex-A Device cause : null
2026-01-23 10:00:42,990 [WARN] ConditionMgr:1039 - genDependencies : Invalid condition id : Cortex-A Device cause : null
2026-01-23 10:00:42,998 [WARN] PackLoader:240 - Cannot read IP mode file for STMicroelectronics.X-CUBE-SUBG2.5.0.0
2026-01-23 10:00:43,013 [WARN] PackLoader:240 - Cannot read IP mode file for STMicroelectronics.X-CUBE-AZRTOS-G4.2.0.0
2026-01-23 10:00:43,020 [WARN] PackLoader:240 - Cannot read IP mode file for wolfSSL.I-CUBE-wolfSSH.1.4.20
2026-01-23 10:00:43,026 [WARN] PackLoader:240 - Cannot read IP mode file for STMicroelectronics.X-CUBE-NFC7.2.0.0
2026-01-23 10:00:43,031 [WARN] PackLoader:240 - Cannot read IP mode file for STMicroelectronics.X-CUBE-ALS.1.0.2
2026-01-23 10:00:43,038 [WARN] PackLoader:240 - Cannot read IP mode file for STMicroelectronics.X-CUBE-STSE01.1.0.0
2026-01-23 10:00:43,043 [ERROR] Engine:466 - C:\Users\tka008729\.stm32cubemx\thirdparties\pdsc\STMicroelectronics.X-CUBE-TOF1.3.4.3.pdsc: PDSC version is not supported
2026-01-23 10:00:43,043 [INFO] ThirdParty:978 - Integrity check success = true
2026-01-23 10:00:43,044 [INFO] IntegrityCheckThread:100 - exiting critical section [integrity check]
2026-01-23 10:00:43,044 [INFO] IntegrityCheckThread:103 - End integrity checks thread
2026-01-23 10:01:02,063 [INFO] McuFinderGlobals:63 - Set McuFinder mode to 2 (CubeIDE integrated)
2026-01-23 10:01:02,069 [INFO] MainUpdater:2873 - connection check result : 10
2026-01-23 10:01:02,070 [INFO] MainUpdater:2873 - connection check result : 10
2026-01-23 10:01:02,110 [INFO] MicroXplorer:468 - Change Database Path : 
2026-01-23 10:01:02,111 [INFO] MicroXplorer:498 - Change Database Version : DB.6.0.100
2026-01-23 10:01:02,116 [WARN] ThirdParty:871 - waiting for thirdparty lock release [close project]
2026-01-23 10:01:02,117 [INFO] ThirdParty:873 - entering critical section [close project]
2026-01-23 10:01:02,118 [INFO] ThirdParty:883 - exiting critical section [close project]
2026-01-23 10:01:02,119 [INFO] PinOutPanel:1499 - setPackage(No Configuration,No Configuration)
2026-01-23 10:01:02,122 [INFO] UtilMem:75 - Begin LoadConfig() Used Memory: 127554896 Bytes (268435456)
2026-01-23 10:01:02,123 [INFO] MicroXplorer:468 - Change Database Path : 
2026-01-23 10:01:02,123 [INFO] MicroXplorer:498 - Change Database Version : DB.6.0.100
2026-01-23 10:01:02,123 [INFO] OpenFileManager:312 - Change cursor
2026-01-23 10:01:02,143 [INFO] Mcu:2016 - Initializing MCU STM32G431R(6-8-B)Tx STM32G431RBTx STM32G431RBT6
2026-01-23 10:01:02,623 [ERROR] LogOutputStream:75 - [STDERR_REDIRECT] SLF4J: Failed to load class "org.slf4j.impl.StaticLoggerBinder".
2026-01-23 10:01:02,623 [ERROR] LogOutputStream:75 - [STDERR_REDIRECT] SLF4J: Defaulting to no-operation (NOP) logger implementation
2026-01-23 10:01:02,625 [ERROR] LogOutputStream:75 - [STDERR_REDIRECT] SLF4J: See http://www.slf4j.org/codes.html#StaticLoggerBinder for further details.
2026-01-23 10:01:05,289 [INFO] Context:659 - Trying to add GPIOservice into a context  which must be forbidden
2026-01-23 10:01:05,951 [INFO] RtosManager:555 - Registered RTOS mode: class=CMSIS, group=RTOS, mode=CMSIS_V1, owner=FREERTOS
2026-01-23 10:01:05,951 [INFO] RtosManager:555 - Registered RTOS mode: class=CMSIS, group=RTOS2, mode=CMSIS_V2, owner=FREERTOS
2026-01-23 10:01:05,951 [INFO] RtosManager:555 - Registered RTOS mode: class=RTOS, group=Core, mode=CMSIS_V1, owner=FREERTOS
2026-01-23 10:01:05,951 [INFO] RtosManager:555 - Registered RTOS mode: class=RTOS, group=Core, mode=CMSIS_V2, owner=FREERTOS
2026-01-23 10:01:05,951 [WARN] ModelIntegratedComponent:184 - Missing modes for component STMicroelectronics:FreeRTOS:0.0.1:STMicroelectronics:RTOS:FreeRTOS:Core:::10.2.0:
2026-01-23 10:01:05,960 [WARN] ModelIntegratedComponent:63 - No mode defined for component null
2026-01-23 10:01:05,960 [WARN] ModelIntegratedComponent:63 - No mode defined for component null
2026-01-23 10:01:05,960 [WARN] ModelIntegratedComponent:63 - No mode defined for component null
2026-01-23 10:01:05,960 [WARN] ModelIntegratedComponent:63 - No mode defined for component null
2026-01-23 10:01:05,960 [WARN] ModelIntegratedComponent:63 - No mode defined for component null
2026-01-23 10:01:05,960 [WARN] ModelIntegratedComponent:63 - No mode defined for component null
2026-01-23 10:01:05,960 [WARN] ModelIntegratedComponent:63 - No mode defined for component null
2026-01-23 10:01:05,960 [WARN] ModelIntegratedComponent:63 - No mode defined for component null
2026-01-23 10:01:05,960 [WARN] ModelIntegratedComponent:63 - No mode defined for component null
2026-01-23 10:01:05,961 [WARN] ModelIntegratedComponent:63 - No mode defined for component null
2026-01-23 10:01:05,961 [WARN] ModelIntegratedComponent:63 - No mode defined for component null
2026-01-23 10:01:05,961 [WARN] ModelIntegratedComponent:63 - No mode defined for component null
2026-01-23 10:01:05,961 [WARN] ModelIntegratedComponent:63 - No mode defined for component null
2026-01-23 10:01:05,961 [WARN] ModelIntegratedComponent:63 - No mode defined for component null
2026-01-23 10:01:05,961 [WARN] ModelIntegratedComponent:63 - No mode defined for component null
2026-01-23 10:01:05,961 [WARN] ModelIntegratedComponent:63 - No mode defined for component null
2026-01-23 10:01:05,961 [WARN] ModelIntegratedComponent:63 - No mode defined for component null
2026-01-23 10:01:05,961 [WARN] ModelIntegratedComponent:63 - No mode defined for component null
2026-01-23 10:01:05,961 [WARN] ModelIntegratedComponent:63 - No mode defined for component null
2026-01-23 10:01:05,961 [WARN] ModelIntegratedComponent:63 - No mode defined for component null
2026-01-23 10:01:05,961 [WARN] ModelIntegratedComponent:63 - No mode defined for component null
2026-01-23 10:01:05,961 [WARN] ModelIntegratedComponent:63 - No mode defined for component null
2026-01-23 10:01:05,962 [WARN] ModelIntegratedComponent:63 - No mode defined for component null
2026-01-23 10:01:05,962 [WARN] ModelIntegratedComponent:63 - No mode defined for component null
2026-01-23 10:01:05,962 [WARN] ModelIntegratedComponent:63 - No mode defined for component null
2026-01-23 10:01:05,962 [WARN] ModelIntegratedComponent:63 - No mode defined for component null
2026-01-23 10:01:05,962 [WARN] ModelIntegratedComponent:63 - No mode defined for component null
2026-01-23 10:01:05,962 [WARN] ModelIntegratedComponent:63 - No mode defined for component null
2026-01-23 10:01:05,962 [WARN] ModelIntegratedComponent:63 - No mode defined for component null
2026-01-23 10:01:05,962 [WARN] ModelIntegratedComponent:63 - No mode defined for component null
2026-01-23 10:01:05,962 [WARN] ModelIntegratedComponent:63 - No mode defined for component null
2026-01-23 10:01:05,962 [WARN] ModelIntegratedComponent:63 - No mode defined for component null
2026-01-23 10:01:05,962 [WARN] ModelIntegratedComponent:63 - No mode defined for component null
2026-01-23 10:01:05,983 [INFO] ThirdPartyModel:298 - Start build external matchings
2026-01-23 10:01:06,104 [INFO] ThirdPartyModel:316 - End build external matchings
2026-01-23 10:01:06,110 [INFO] ImportTextPane:194 - (OptionalMessage_ERROR) IP (ADC1) : Parameter (CommonPathInternal) has invalid value (null|null|null|null)
2026-01-23 10:01:06,111 [INFO] ImportTextPane:194 - (OptionalMessage_ERROR) IP (ADC2) : Parameter (CommonPathInternal) has invalid value (null|null|null|null)
2026-01-23 10:01:06,111 [WARN] IP:2119 - MessageRAMOffset not found: check if there is a RefParameter without a condition.
2026-01-23 10:01:06,111 [WARN] IP:2119 - RxFifo0ElmtsNbr not found: check if there is a RefParameter without a condition.
2026-01-23 10:01:06,111 [WARN] IP:2119 - RxFifo0ElmtSize not found: check if there is a RefParameter without a condition.
2026-01-23 10:01:06,111 [WARN] IP:2119 - RxFifo1ElmtsNbr not found: check if there is a RefParameter without a condition.
2026-01-23 10:01:06,111 [WARN] IP:2119 - RxFifo1ElmtSize not found: check if there is a RefParameter without a condition.
2026-01-23 10:01:06,111 [WARN] IP:2119 - RxBuffersNbr not found: check if there is a RefParameter without a condition.
2026-01-23 10:01:06,111 [WARN] IP:2119 - RxBufferSize not found: check if there is a RefParameter without a condition.
2026-01-23 10:01:06,111 [WARN] IP:2119 - TxEventsNbr not found: check if there is a RefParameter without a condition.
2026-01-23 10:01:06,111 [WARN] IP:2119 - TxBuffersNbr not found: check if there is a RefParameter without a condition.
2026-01-23 10:01:06,111 [WARN] IP:2119 - TxFifoQueueElmtsNbr not found: check if there is a RefParameter without a condition.
2026-01-23 10:01:06,111 [WARN] IP:2119 - TxElmtSize not found: check if there is a RefParameter without a condition.
2026-01-23 10:01:06,111 [WARN] IP:2119 - ClockCalibrationCCU not found: check if there is a RefParameter without a condition.
2026-01-23 10:01:06,111 [WARN] IP:2119 - ClockDividerCCU not found: check if there is a RefParameter without a condition.
2026-01-23 10:01:06,111 [WARN] IP:2119 - MinOscClkPeriodsCCU not found: check if there is a RefParameter without a condition.
2026-01-23 10:01:06,112 [WARN] IP:2119 - TimeQuantaPerBitTimeCCU not found: check if there is a RefParameter without a condition.
2026-01-23 10:01:06,112 [WARN] IP:2119 - WatchdogStartValueCCU not found: check if there is a RefParameter without a condition.
2026-01-23 10:01:06,115 [INFO] ImportTextPane:194 - (OptionalMessage_ERROR) IP (RCC) : Invalid parameter (FamilyName)
2026-01-23 10:01:06,116 [INFO] ImportTextPane:194 - (OptionalMessage_ERROR) IP (RCC) : Parameter (RNGFreq_Value) has invalid value (170000000)
2026-01-23 10:01:06,116 [INFO] ImportTextPane:194 - (OptionalMessage_ERROR) IP (RCC) : Parameter (USBFreq_Value) has invalid value (170000000)
2026-01-23 10:01:06,545 [INFO] UtilMem:75 - End LoadConfig() Used Memory: 219965040 Bytes (541065216)
2026-01-23 10:01:06,664 [INFO] ApiDb:581 - Connected to CubeFinder SQLite database (C:\Users\tka008729\.stmcufinder\plugins\mcufinder\mcu\cube-finder-db.db)
2026-01-23 10:01:06,749 [INFO] ApiDb:668 - CubeFinder database Data Model version=2.1
2026-01-23 10:01:06,749 [INFO] ApiDb:669 - CubeFinder database Configuration version=3.0.39
2026-01-23 10:01:06,749 [INFO] ApiDb:670 - CubeFinder database generation date=2025-12-22 (1766407740)
2026-01-23 10:01:06,749 [INFO] ApiDb:671 - CubeFinder database FW Pack versions=[FP-ATR-ASTRA1_V2.0.0, FP-SNS-FLIGHT1_V5.1.0, FP-SNS-MOTENV1_V5.1.0, FP-SNS-MOTENVWB1_V1.4.0, FP-SNS-SMARTAG2_V1.2.0, FP-SNS-STBOX1_V2.1.0, STM32Cube_FW_C0_V1.4.0, STM32Cube_FW_F4_V1.28.3, STM32Cube_FW_F7_V1.17.4, STM32Cube_FW_G0_V1.6.2, STM32Cube_FW_G4_V1.6.1, STM32Cube_FW_H5_V1.5.1, STM32Cube_FW_H7RS_V1.3.0, STM32Cube_FW_H7_V1.12.1, STM32Cube_FW_L0_V1.12.2, STM32Cube_FW_L4_V1.18.1, STM32Cube_FW_L5_V1.6.0, STM32Cube_FW_N6_V1.3.0, STM32Cube_FW_U0_V1.3.0, STM32Cube_FW_U3_V1.2.1, STM32Cube_FW_U5_V1.8.0, STM32Cube_FW_WB0_V1.4.0, STM32Cube_FW_WBA_V1.8.0, STM32Cube_FW_WB_V1.24.0, STM32Cube_FW_WL3_V1.3.0, STM32Cube_FW_WL_V1.4.0, X-CUBE-ALGOBUILD_V1.4.0, X-CUBE-ALS_V1.0.2, X-CUBE-AZRTOS-F4_V1.1.0, X-CUBE-AZRTOS-F7_V1.1.0, X-CUBE-AZRTOS-G0_V1.1.0, X-CUBE-AZRTOS-G4_V2.0.0, X-CUBE-AZRTOS-H7RS_V1.1.0, X-CUBE-AZRTOS-H7_V3.4.0, X-CUBE-AZRTOS-L4_V2.0.0, X-CUBE-AZRTOS-L5_V2.0.0, X-CUBE-AZRTOS-WB_V2.0.0, X-CUBE-AZRTOS-WL_V2.0.0, X-CUBE-BLE1_V7.1.0, X-CUBE-BLE2_V3.3.0, X-CUBE-BLEMGR_V4.1.0, X-CUBE-EEPRMA1_V5.2.0, X-CUBE-FREERTOS_V1.3.1, X-CUBE-GNSS1_V6.0.0, X-CUBE-MEMS1_V12.0.0, X-CUBE-NFC4_V3.0.0, X-CUBE-NFC7_V2.0.0, X-CUBE-SFXS2LP1_V4.0.0, X-CUBE-ST67W61_V1.1.0, X-CUBE-SUBG2_V5.0.0, X-CUBE-TOF1_V3.4.3]
2026-01-23 10:01:09,878 [INFO] ApiDb:240 - Found 371 in-development CPN: [B-G473E-ZEST1S, B-WB1M-WPAN1, B-WL5M-SUBG1, NUCLEO-C031C6, NUCLEO-H503RB, NUCLEO-H563ZI, NUCLEO-U545RE-Q, NUCLEO-U5A5ZJ-Q, NUCLEO-WBA52CG, NUCLEO-WBA55CG, STEVAL-MKBOXPRO, STEVAL-PROTEUS1, STEVAL-STWINBX1, STM320518-EVAL, STM32C0116-DK, STM32C011D6Y3TR, STM32C011D6Y6TR, STM32C011F4P3, STM32C011F4P6, STM32C011F4U3, STM32C011F4U6TR, STM32C011F6P3, STM32C011F6P6, STM32C011F6U3, STM32C011F6U6TR, STM32C011J4M3, STM32C011J4M6, STM32C011J6M3, STM32C011J6M6, STM32C0316-DK, STM32C031C4T3, STM32C031C4T6, STM32C031C4U3, STM32C031C4U6, STM32C031C6T3, STM32C031C6T6, STM32C031C6U3, STM32C031C6U6, STM32C031F4P3, STM32C031F4P6, STM32C031F6P3, STM32C031F6P6, STM32C031G4U3, STM32C031G4U6, STM32C031G6U3, STM32C031G6U6, STM32C031K4T3, STM32C031K4T6, STM32C031K4U3, STM32C031K4U6, STM32C031K6T3, STM32C031K6T6, STM32C031K6U3, STM32C031K6U6, STM32G071K8TXN, STM32G071K8UXN, STM32G081GBU6N, STM32G081KBT6N, STM32G081KBUXN, STM32G0B1CCT6N, STM32G0B1KCT6, STM32G0B1NEY6TR, STM32G0B1RCT6N, STM32G0C1CCT6, STM32G0C1CCT6N, STM32G0C1CCU6N, STM32G0C1CET6N, STM32G0C1CEU6N, STM32G0C1KCT6, STM32G0C1NEY6TR, STM32G0C1RCI6N, STM32G0C1RCT6N, STM32G0C1REI6N, STM32G0C1RET6N, STM32G0C1VCI6, STM32G0C1VEI6, STM32G471CCT6, STM32G471CCU6, STM32G471CET3, STM32G471CET6, STM32G471CEU3, STM32G471CEU6, STM32G471MCT6, STM32G471MET3, STM32G471MET6, STM32G471MEY6TR, STM32G471QCT6, STM32G471QET3, STM32G471RCT6, STM32G471RET3, STM32G471RET6, STM32G471VCH6, STM32G471VCI6, STM32G471VCT6, STM32G471VEH3, STM32G471VEH6, STM32G471VEI3, STM32G471VEI6, STM32G471VET3, STM32G471VET6, STM32G474CCT6, STM32H503CBT6, STM32H503CBU6, STM32H503EBY6TR, STM32H503KBU6, STM32H503RBT6, STM32H562AGI6, STM32H562AII6, STM32H562IGK6, STM32H562IGT6, STM32H562IIK6, STM32H562IIT6, STM32H562RGT6, STM32H562RGV6, STM32H562RIT6, STM32H562RIV6, STM32H562VGT6, STM32H562VIT6, STM32H562ZGT6, STM32H562ZIT6, STM32H563AGI6, STM32H563AII3Q, STM32H563AII6, STM32H563IGK6, STM32H563IGT6, STM32H563IIK3Q, STM32H563IIK6, STM32H563IIT3Q, STM32H563IIT6, STM32H563MIY3QTR, STM32H563RGT6, STM32H563RGV6, STM32H563RIT6, STM32H563RIV6, STM32H563VGT6, STM32H563VIT3Q, STM32H563VIT6, STM32H563ZGT6, STM32H563ZIT3Q, STM32H563ZIT6, STM32H573AII3Q, STM32H573AII6, STM32H573I-DK, STM32H573IIK3Q, STM32H573IIK6, STM32H573IIT3Q, STM32H573IIT6, STM32H573MIY3QTR, STM32H573RIT6, STM32H573RIV6, STM32H573VIT3Q, STM32H573VIT6, STM32H573ZIT3Q, STM32H573ZIT6, STM32L4R5QGI6STR, STM32MP131AAE3, STM32MP131AAF3, STM32MP131AAG3, STM32MP131CAE3, STM32MP131CAF3, STM32MP131CAG3, STM32MP131DAE7, STM32MP131DAF7, STM32MP131DAG7, STM32MP131FAE7, STM32MP131FAF7, STM32MP131FAG7, STM32MP133AAE3, STM32MP133AAF3, STM32MP133AAG3, STM32MP133CAE3, STM32MP133CAF3, STM32MP133CAG3, STM32MP133DAE7, STM32MP133DAF7, STM32MP133DAG7, STM32MP133FAE7, STM32MP133FAF7, STM32MP133FAG7, STM32MP135AAE3, STM32MP135AAF3, STM32MP135AAG3, STM32MP135CAE3, STM32MP135CAF3, STM32MP135CAG3, STM32MP135DAE7, STM32MP135DAF7, STM32MP135DAG7, STM32MP135F-DK, STM32MP135FAE7, STM32MP135FAF7, STM32MP135FAF7T, STM32MP135FAF7U, STM32MP135FAG7, STM32U535CBT6, STM32U535CBT6Q, STM32U535CBU6, STM32U535CBU6Q, STM32U535CCT6, STM32U535CCT6Q, STM32U535CCU6, STM32U535CCU6Q, STM32U535CET6, STM32U535CET6Q, STM32U535CEU6, STM32U535CEU6Q, STM32U535JEY6QTR, STM32U535NCY6QTR, STM32U535NEY6QTR, STM32U535RBI6, STM32U535RBI6Q, STM32U535RBT6, STM32U535RBT6Q, STM32U535RCI6, STM32U535RCI6Q, STM32U535RCT6, STM32U535RCT6Q, STM32U535REI6, STM32U535REI6Q, STM32U535RET6, STM32U535RET6Q, STM32U535VCI6, STM32U535VCI6Q, STM32U535VCT6, STM32U535VCT6Q, STM32U535VEI6, STM32U535VEI6Q, STM32U535VET6, STM32U535VET6Q, STM32U545CET6, STM32U545CET6Q, STM32U545CEU6, STM32U545CEU6Q, STM32U545JEY6QTR, STM32U545NEY6QTR, STM32U545REI6, STM32U545REI6Q, STM32U545RET6, STM32U545RET6Q, STM32U545VEI6, STM32U545VEI6Q, STM32U545VET6, STM32U545VET6Q, STM32U595AIH6, STM32U595AIH6Q, STM32U595AJH6, STM32U595AJH6Q, STM32U595QII6, STM32U595QII6Q, STM32U595QJI6, STM32U595QJI6Q, STM32U595RIT6, STM32U595RIT6Q, STM32U595RJT6, STM32U595RJT6Q, STM32U595VIT6, STM32U595VIT6Q, STM32U595VJT6, STM32U595VJT6Q, STM32U595ZIT6, STM32U595ZIT6Q, STM32U595ZIY6QTR, STM32U595ZJT6, STM32U595ZJT6Q, STM32U595ZJY6QTR, STM32U599BJY6QTR, STM32U599NIH6Q, STM32U599NJH6Q, STM32U599VIT6Q, STM32U599VJT6, STM32U599VJT6Q, STM32U599ZIT6Q, STM32U599ZIY6QTR, STM32U599ZJT6Q, STM32U599ZJY6QTR, STM32U5A5AJH6, STM32U5A5AJH6Q, STM32U5A5QJI6, STM32U5A5QJI6Q, STM32U5A5RJT6, STM32U5A5RJT6Q, STM32U5A5VJT6, STM32U5A5VJT6Q, STM32U5A5ZJT6, STM32U5A5ZJT6Q, STM32U5A5ZJY6QTR, STM32U5A9BJY6QTR, STM32U5A9J-DK, STM32U5A9NJH6Q, STM32U5A9VJT6Q, STM32U5A9ZJT6Q, STM32U5A9ZJY6QTR, STM32U5F7VIT6, STM32U5F7VIT6Q, STM32U5F7VJT6, STM32U5F7VJT6Q, STM32U5F9BJY6QTR, STM32U5F9NJH6Q, STM32U5F9VIT6Q, STM32U5F9VJT6Q, STM32U5F9ZIJ6QTR, STM32U5F9ZIT6Q, STM32U5F9ZJJ6QTR, STM32U5F9ZJT6Q, STM32U5G7VJT6, STM32U5G7VJT6Q, STM32U5G9BJY6QTR, STM32U5G9J-DK1, STM32U5G9J-DK2, STM32U5G9NJH6Q, STM32U5G9VJT6Q, STM32U5G9ZJJ6QTR, STM32U5G9ZJT6Q, STM32WB1MMCH6, STM32WBA50KEU6, STM32WBA50KEU6TR, STM32WBA50KGU6, STM32WBA50KGU6TR, STM32WBA52CEU6, STM32WBA52CEU6TR, STM32WBA52CEU7, STM32WBA52CEU7TR, STM32WBA52CGU6, STM32WBA52CGU6TR, STM32WBA52CGU6U, STM32WBA52CGU7, STM32WBA52CGU7TR, STM32WBA52KEU6, STM32WBA52KEU6TR, STM32WBA52KGU6, STM32WBA52KGU6TR, STM32WBA54CEU6, STM32WBA54CEU6TR, STM32WBA54CEU7, STM32WBA54CEU7TR, STM32WBA54CGU6, STM32WBA54CGU6TR, STM32WBA54CGU7, STM32WBA54CGU7TR, STM32WBA54KEU6, STM32WBA54KEU6TR, STM32WBA54KEU7, STM32WBA54KEU7TR, STM32WBA54KGU6, STM32WBA54KGU6TR, STM32WBA54KGU7, STM32WBA54KGU7TR, STM32WBA55CEU6, STM32WBA55CEU6TR, STM32WBA55CEU7, STM32WBA55CEU7TR, STM32WBA55CGU6, STM32WBA55CGU6TR, STM32WBA55CGU6U, STM32WBA55CGU7, STM32WBA55CGU7TR, STM32WBA55G-DK1, STM32WBA55HEF6, STM32WBA55HEF7, STM32WBA55HGF6, STM32WBA55HGF7, STM32WBA55UEI6, STM32WBA55UEI6TR, STM32WBA55UEI7, STM32WBA55UEI7TR, STM32WBA55UGI6, STM32WBA55UGI6TR, STM32WBA55UGI7, STM32WBA55UGI7TR, STM32WL5MOCH6, STM32WL5MOCH6TR]
2026-01-23 10:01:09,884 [INFO] DbMcus:218 - Found 4816 MCUs, 4816 are supported
2026-01-23 10:01:09,885 [INFO] ApiDb:423 - Load user favorites file C:\Users\tka008729/.stm32cubeide/favorites.mcus.txt: 0 item(s)
2026-01-23 10:01:09,886 [INFO] ApiDb:427 - User favorites MCUs=[]
2026-01-23 10:01:09,886 [INFO] DbMcus:224 - Set 0 / 0 favorites MCUs
2026-01-23 10:01:10,461 [INFO] MicroXplorer:468 - Change Database Path : 
2026-01-23 10:01:10,461 [INFO] MicroXplorer:498 - Change Database Version : DB.6.0.100
2026-01-23 10:01:10,461 [WARN] ThirdParty:833 - waiting for thirdparty lock release [change project]
2026-01-23 10:01:10,461 [INFO] ThirdParty:835 - entering critical section [change project]
2026-01-23 10:01:10,462 [INFO] ThirdParty:1030 - CMSIS Pack Vendor :STMicroelectronics X-CUBE-PM33A1 1.0.0
2026-01-23 10:01:10,462 [INFO] ThirdParty:1030 - CMSIS Pack Vendor :STMicroelectronics USBPD 4.1
2026-01-23 10:01:10,462 [INFO] ThirdParty:1030 - CMSIS Pack Vendor :STMicroelectronics X-CUBE-NFC9 1.0.0
2026-01-23 10:01:10,462 [INFO] ThirdParty:1030 - CMSIS Pack Vendor :STMicroelectronics USB_HOST 2.0.0
2026-01-23 10:01:10,462 [INFO] ThirdParty:1030 - CMSIS Pack Vendor :STMicroelectronics FP-SNS-MOTENVWB1 1.4.0
2026-01-23 10:01:10,462 [INFO] ThirdParty:1030 - CMSIS Pack Vendor :STMicroelectronics X-CUBE-AZRTOS-F4 1.1.0
2026-01-23 10:01:10,462 [INFO] ThirdParty:1030 - CMSIS Pack Vendor :STMicroelectronics LIBJPEG 8.0.0
2026-01-23 10:01:10,462 [INFO] ThirdParty:1030 - CMSIS Pack Vendor :STMicroelectronics FP-ATR-ASTRA1 2.0.2
2026-01-23 10:01:10,462 [INFO] ThirdParty:1030 - CMSIS Pack Vendor :STMicroelectronics X-CUBE-BLE1 7.1.0
2026-01-23 10:01:10,462 [INFO] ThirdParty:1030 - CMSIS Pack Vendor :STMicroelectronics X-CUBE-SMBUS 2.1.0
2026-01-23 10:01:10,462 [INFO] ThirdParty:1030 - CMSIS Pack Vendor :wolfSSL I-CUBE-wolfMQTT 1.19.2
2026-01-23 10:01:10,462 [INFO] ThirdParty:1030 - CMSIS Pack Vendor :STMicroelectronics USB_DEVICE 3.0.0
2026-01-23 10:01:10,462 [INFO] ThirdParty:1030 - CMSIS Pack Vendor :STMicroelectronics X-CUBE-ISPU 2.1.0
2026-01-23 10:01:10,462 [INFO] ThirdParty:1030 - CMSIS Pack Vendor :STMicroelectronics X-CUBE-EEPRMA1 5.2.0
2026-01-23 10:01:10,462 [INFO] ThirdParty:1030 - CMSIS Pack Vendor :STMicroelectronics X-CUBE-AZRTOS-WB 2.0.0
2026-01-23 10:01:10,462 [INFO] ThirdParty:1030 - CMSIS Pack Vendor :wolfSSL I-CUBE-wolfSSL 5.8.4
2026-01-23 10:01:10,463 [INFO] ThirdParty:1030 - CMSIS Pack Vendor :STMicroelectronics X-CUBE-NFC12 1.0.0
2026-01-23 10:01:10,463 [INFO] ThirdParty:1030 - CMSIS Pack Vendor :STMicroelectronics X-CUBE-AZRTOS-F7 1.1.0
2026-01-23 10:01:10,463 [INFO] ThirdParty:1030 - CMSIS Pack Vendor :STMicroelectronics X-CUBE-AZRTOS-L5 2.0.0
2026-01-23 10:01:10,463 [INFO] ThirdParty:1030 - CMSIS Pack Vendor :STMicroelectronics USB_DEVICE 2.0.0
2026-01-23 10:01:10,463 [INFO] ThirdParty:1030 - CMSIS Pack Vendor :STMicroelectronics X-CUBE-NFC6 3.1.0
2026-01-23 10:01:10,463 [INFO] ThirdParty:1030 - CMSIS Pack Vendor :quantropi X-CUBE-qispace-sdk-base 2.1.0
2026-01-23 10:01:10,463 [INFO] ThirdParty:1030 - CMSIS Pack Vendor :STMicroelectronics X-CUBE-MEMS1 12.0.0
2026-01-23 10:01:10,463 [INFO] ThirdParty:1030 - CMSIS Pack Vendor :STMicroelectronics FreeRTOS 0.0.1
2026-01-23 10:01:10,463 [INFO] ThirdParty:1030 - CMSIS Pack Vendor :STMicroelectronics X-CUBE-AZRTOS-G0 1.1.0
2026-01-23 10:01:10,463 [INFO] ThirdParty:1030 - CMSIS Pack Vendor :STMicroelectronics X-CUBE-NFC4 3.0.0
2026-01-23 10:01:10,463 [INFO] ThirdParty:1030 - CMSIS Pack Vendor :STMicroelectronics X-CUBE-SUBG2 5.0.0
2026-01-23 10:01:10,463 [INFO] ThirdParty:1030 - CMSIS Pack Vendor :STMicroelectronics STM32_WPAN 1.0.0
2026-01-23 10:01:10,463 [INFO] ThirdParty:1030 - CMSIS Pack Vendor :EmbeddedOffice I-CUBE-FS-RTOS 1.0.1
2026-01-23 10:01:10,463 [INFO] ThirdParty:1030 - CMSIS Pack Vendor :STMicroelectronics lwIP 2.0.3
2026-01-23 10:01:10,463 [INFO] ThirdParty:1030 - CMSIS Pack Vendor :STMicroelectronics USB_HOST 1.0.0
2026-01-23 10:01:10,463 [INFO] ThirdParty:1030 - CMSIS Pack Vendor :STMicroelectronics X-CUBE-AZRTOS-G4 2.0.0
2026-01-23 10:01:10,463 [INFO] ThirdParty:1030 - CMSIS Pack Vendor :STMicroelectronics X-CUBE-WB05N 2.0.0
2026-01-23 10:01:10,464 [INFO] ThirdParty:1030 - CMSIS Pack Vendor :STMicroelectronics PDM2PCM 3.1.0
2026-01-23 10:01:10,464 [INFO] ThirdParty:1030 - CMSIS Pack Vendor :STMicroelectronics PDM2PCM 3.3.0
2026-01-23 10:01:10,464 [INFO] ThirdParty:1030 - CMSIS Pack Vendor :wolfSSL I-CUBE-wolfTPM 3.8.0
2026-01-23 10:01:10,464 [INFO] ThirdParty:1030 - CMSIS Pack Vendor :STMicroelectronics X-CUBE-AZRTOS-H7 3.4.0
2026-01-23 10:01:10,464 [INFO] ThirdParty:1030 - CMSIS Pack Vendor :STMicroelectronics X-CUBE-DISPLAY 3.0.0
2026-01-23 10:01:10,464 [INFO] ThirdParty:1030 - CMSIS Pack Vendor :wolfSSL I-CUBE-wolfSSH 1.4.20
2026-01-23 10:01:10,464 [INFO] ThirdParty:1030 - CMSIS Pack Vendor :STMicroelectronics X-CUBE-NFC7 2.0.0
2026-01-23 10:01:10,464 [INFO] ThirdParty:1030 - CMSIS Pack Vendor :RealThread X-CUBE-RT-Thread_Nano 4.1.1
2026-01-23 10:01:10,464 [INFO] ThirdParty:1030 - CMSIS Pack Vendor :STMicroelectronics FP-ATR-SIGFOX1 3.2.0
2026-01-23 10:01:10,464 [INFO] ThirdParty:1030 - CMSIS Pack Vendor :STMicroelectronics X-CUBE-NFC10 1.0.0
2026-01-23 10:01:10,464 [INFO] ThirdParty:1030 - CMSIS Pack Vendor :STMicroelectronics HAL Drivers 0.0.0
2026-01-23 10:01:10,464 [INFO] ThirdParty:1030 - CMSIS Pack Vendor :STMicroelectronics MBEDTLS 2.16.2
2026-01-23 10:01:10,464 [INFO] ThirdParty:1030 - CMSIS Pack Vendor :STMicroelectronics X-CUBE-ALS 1.0.2
2026-01-23 10:01:10,464 [INFO] ThirdParty:1030 - CMSIS Pack Vendor :emotas I-CUBE-CANOPEN 1.3.0
2026-01-23 10:01:10,464 [INFO] ThirdParty:1030 - CMSIS Pack Vendor :STMicroelectronics MBEDTLS 2.14.1
2026-01-23 10:01:10,464 [INFO] ThirdParty:1030 - CMSIS Pack Vendor :STMicroelectronics X-CUBE-GNSS1 7.1.0
2026-01-23 10:01:10,465 [INFO] ThirdParty:1030 - CMSIS Pack Vendor :ITTIA_DB I-CUBE-ITTIADB 8.9.0
2026-01-23 10:01:10,465 [INFO] ThirdParty:1030 - CMSIS Pack Vendor :STMicroelectronics X-CUBE-TOUCHGFX 4.26.0
2026-01-23 10:01:10,465 [INFO] ThirdParty:1030 - CMSIS Pack Vendor :STMicroelectronics X-CUBE-STSE01 1.0.0
2026-01-23 10:01:10,465 [INFO] ThirdParty:1030 - CMSIS Pack Vendor :STMicroelectronics X-CUBE-AI 10.2.0
2026-01-23 10:01:10,465 [INFO] ThirdParty:1030 - CMSIS Pack Vendor :STMicroelectronics ThreadX 1.0.0
2026-01-23 10:01:10,465 [INFO] ThirdParty:1030 - CMSIS Pack Vendor :STMicroelectronics FP-SNS-SMARTAG2 1.2.0
2026-01-23 10:01:10,465 [INFO] ThirdParty:1030 - CMSIS Pack Vendor :STMicroelectronics X-CUBE-AZRTOS-WL 2.0.0
2026-01-23 10:01:10,465 [INFO] ThirdParty:1030 - CMSIS Pack Vendor :SEGGER I-CUBE-embOS 1.3.1
2026-01-23 10:01:10,465 [INFO] ThirdParty:1030 - CMSIS Pack Vendor :STMicroelectronics X-CUBE-ALGOBUILD 1.4.0
2026-01-23 10:01:10,465 [INFO] ThirdParty:1030 - CMSIS Pack Vendor :STMicroelectronics X-CUBE-DPower 1.3.0
2026-01-23 10:01:10,465 [INFO] ThirdParty:1030 - CMSIS Pack Vendor :STMicroelectronics USB_DEVICE 1.0.0
2026-01-23 10:01:10,465 [INFO] ThirdParty:1030 - CMSIS Pack Vendor :STMicroelectronics X-CUBE-AZRTOS-H7RS 1.2.0
2026-01-23 10:01:10,465 [INFO] ThirdParty:1030 - CMSIS Pack Vendor :STMicroelectronics X-CUBE-AZRTOS-L4 2.0.0
2026-01-23 10:01:10,465 [INFO] ThirdParty:1030 - CMSIS Pack Vendor :STMicroelectronics ThreadX 0.0.2
2026-01-23 10:01:10,466 [INFO] ThirdParty:1030 - CMSIS Pack Vendor :STMicroelectronics lwIP 2.1.2
2026-01-23 10:01:10,466 [INFO] ThirdParty:1030 - CMSIS Pack Vendor :STMicroelectronics X-CUBE-SFXS2LP1 4.0.0
2026-01-23 10:01:10,466 [INFO] ThirdParty:1030 - CMSIS Pack Vendor :STMicroelectronics X-CUBE-BLE2 3.3.0
2026-01-23 10:01:10,466 [INFO] ThirdParty:1030 - CMSIS Pack Vendor :Infineon AIROC-Wi-Fi-Bluetooth-STM32 1.8.0
2026-01-23 10:01:10,466 [INFO] ThirdParty:1030 - CMSIS Pack Vendor :STMicroelectronics PDM2PCM 3.2.0
2026-01-23 10:01:10,466 [INFO] ThirdParty:841 - exiting critical section [change project]
2026-01-23 10:01:10,832 [INFO] PinOutPanel:1499 - setPackage(No Configuration,No Configuration)
2026-01-23 10:01:10,834 [INFO] PinOutPanel:1499 - setPackage(STM32G431RBTx,LQFP64)
2026-01-23 10:01:11,346 [INFO] UtilMem:75 - Before build in PCC Used Memory: 461800080 Bytes (575668224)
2026-01-23 10:01:12,145 [INFO] UtilMem:75 - After build in PCC Used Memory: 402710144 Bytes (608174080)
2026-01-23 10:01:12,172 [INFO] IPUIPlugin:80 - create IPUIPlugin
2026-01-23 10:01:12,172 [INFO] IPUIPlugin:80 - create IPUIPlugin
2026-01-23 10:01:12,172 [INFO] IPUIPlugin:80 - create IPUIPlugin
2026-01-23 10:01:12,172 [INFO] IPUIPlugin:80 - create IPUIPlugin
2026-01-23 10:01:12,172 [INFO] IPUIPlugin:80 - create IPUIPlugin
2026-01-23 10:01:12,173 [INFO] IPUIPlugin:80 - create IPUIPlugin
2026-01-23 10:01:12,173 [INFO] IPUIPlugin:80 - create IPUIPlugin
2026-01-23 10:01:12,173 [INFO] IPUIPlugin:80 - create IPUIPlugin
2026-01-23 10:01:12,173 [INFO] IPUIPlugin:80 - create IPUIPlugin
2026-01-23 10:01:12,173 [INFO] IPUIPlugin:80 - create IPUIPlugin
2026-01-23 10:01:12,173 [INFO] IPUIPlugin:80 - create IPUIPlugin
2026-01-23 10:01:12,173 [INFO] IPUIPlugin:80 - create IPUIPlugin
2026-01-23 10:01:12,173 [INFO] IPUIPlugin:80 - create IPUIPlugin
2026-01-23 10:01:12,173 [INFO] IPUIPlugin:80 - create IPUIPlugin
2026-01-23 10:01:12,173 [INFO] IPUIPlugin:80 - create IPUIPlugin
2026-01-23 10:01:12,173 [INFO] IPUIPlugin:80 - create IPUIPlugin
2026-01-23 10:01:12,173 [INFO] IPUIPlugin:80 - create IPUIPlugin
2026-01-23 10:01:12,174 [INFO] IPUIPlugin:80 - create IPUIPlugin
2026-01-23 10:01:12,174 [INFO] IPUIPlugin:80 - create IPUIPlugin
2026-01-23 10:01:12,174 [INFO] IPUIPlugin:80 - create IPUIPlugin
2026-01-23 10:01:12,174 [INFO] IPUIPlugin:80 - create IPUIPlugin
2026-01-23 10:01:12,174 [INFO] IPUIPlugin:80 - create IPUIPlugin
2026-01-23 10:01:12,174 [INFO] IPUIPlugin:80 - create IPUIPlugin
2026-01-23 10:01:12,174 [INFO] IPUIPlugin:80 - create IPUIPlugin
2026-01-23 10:01:12,174 [INFO] IPUIPlugin:80 - create IPUIPlugin
2026-01-23 10:01:12,175 [INFO] IPUIPlugin:80 - create IPUIPlugin
2026-01-23 10:01:12,175 [INFO] IPUIPlugin:80 - create IPUIPlugin
2026-01-23 10:01:12,175 [INFO] IPUIPlugin:80 - create IPUIPlugin
2026-01-23 10:01:12,175 [INFO] IPUIPlugin:80 - create IPUIPlugin
2026-01-23 10:01:12,176 [INFO] IPUIPlugin:80 - create IPUIPlugin
2026-01-23 10:01:12,176 [INFO] IPUIPlugin:80 - create IPUIPlugin
2026-01-23 10:01:12,176 [INFO] IPUIPlugin:80 - create IPUIPlugin
2026-01-23 10:01:12,177 [INFO] IPUIPlugin:80 - create IPUIPlugin
2026-01-23 10:01:12,177 [INFO] IPUIPlugin:80 - create IPUIPlugin
2026-01-23 10:01:12,177 [INFO] IPUIPlugin:80 - create IPUIPlugin
2026-01-23 10:01:12,177 [INFO] IPUIPlugin:80 - create IPUIPlugin
2026-01-23 10:01:12,178 [INFO] IPUIPlugin:80 - create IPUIPlugin
2026-01-23 10:01:12,178 [INFO] IPUIPlugin:80 - create IPUIPlugin
2026-01-23 10:01:12,178 [INFO] IPUIPlugin:80 - create IPUIPlugin
2026-01-23 10:01:12,178 [INFO] IPUIPlugin:80 - create IPUIPlugin
2026-01-23 10:01:12,179 [INFO] IPUIPlugin:80 - create IPUIPlugin
2026-01-23 10:01:12,179 [INFO] IPUIPlugin:80 - create IPUIPlugin
2026-01-23 10:01:12,179 [INFO] IPUIPlugin:80 - create IPUIPlugin
2026-01-23 10:01:12,179 [INFO] IPUIPlugin:80 - create IPUIPlugin
2026-01-23 10:01:12,179 [INFO] IPUIPlugin:80 - create IPUIPlugin
2026-01-23 10:01:12,179 [INFO] IPUIPlugin:80 - create IPUIPlugin
2026-01-23 10:01:12,179 [INFO] IPUIPlugin:80 - create IPUIPlugin
2026-01-23 10:01:12,180 [INFO] IPUIPlugin:80 - create IPUIPlugin
2026-01-23 10:01:12,180 [INFO] IPUIPlugin:80 - create IPUIPlugin
2026-01-23 10:01:12,180 [INFO] IPUIPlugin:80 - create IPUIPlugin
2026-01-23 10:01:12,180 [INFO] IPUIPlugin:80 - create IPUIPlugin
2026-01-23 10:01:12,180 [INFO] IPUIPlugin:80 - create IPUIPlugin
2026-01-23 10:01:12,180 [INFO] IPUIPlugin:80 - create IPUIPlugin
2026-01-23 10:01:12,181 [INFO] IPUIPlugin:80 - create IPUIPlugin
2026-01-23 10:01:12,181 [INFO] IPUIPlugin:80 - create IPUIPlugin
2026-01-23 10:01:12,181 [INFO] IPUIPlugin:80 - create IPUIPlugin
2026-01-23 10:01:12,182 [INFO] IPUIPlugin:80 - create IPUIPlugin
2026-01-23 10:01:12,182 [INFO] IPUIPlugin:80 - create IPUIPlugin
2026-01-23 10:01:12,193 [WARN] IP:2119 - MessageRAMOffset not found: check if there is a RefParameter without a condition.
2026-01-23 10:01:12,194 [WARN] IP:2119 - RxFifo0ElmtsNbr not found: check if there is a RefParameter without a condition.
2026-01-23 10:01:12,194 [WARN] IP:2119 - RxFifo0ElmtSize not found: check if there is a RefParameter without a condition.
2026-01-23 10:01:12,194 [WARN] IP:2119 - RxFifo1ElmtsNbr not found: check if there is a RefParameter without a condition.
2026-01-23 10:01:12,194 [WARN] IP:2119 - RxFifo1ElmtSize not found: check if there is a RefParameter without a condition.
2026-01-23 10:01:12,194 [WARN] IP:2119 - RxBuffersNbr not found: check if there is a RefParameter without a condition.
2026-01-23 10:01:12,194 [WARN] IP:2119 - RxBufferSize not found: check if there is a RefParameter without a condition.
2026-01-23 10:01:12,194 [WARN] IP:2119 - TxEventsNbr not found: check if there is a RefParameter without a condition.
2026-01-23 10:01:12,194 [WARN] IP:2119 - TxBuffersNbr not found: check if there is a RefParameter without a condition.
2026-01-23 10:01:12,194 [WARN] IP:2119 - TxFifoQueueElmtsNbr not found: check if there is a RefParameter without a condition.
2026-01-23 10:01:12,194 [WARN] IP:2119 - TxElmtSize not found: check if there is a RefParameter without a condition.
2026-01-23 10:01:12,194 [WARN] IP:2119 - ClockCalibrationCCU not found: check if there is a RefParameter without a condition.
2026-01-23 10:01:12,194 [WARN] IP:2119 - ClockDividerCCU not found: check if there is a RefParameter without a condition.
2026-01-23 10:01:12,195 [WARN] IP:2119 - MinOscClkPeriodsCCU not found: check if there is a RefParameter without a condition.
2026-01-23 10:01:12,195 [WARN] IP:2119 - TimeQuantaPerBitTimeCCU not found: check if there is a RefParameter without a condition.
2026-01-23 10:01:12,195 [WARN] IP:2119 - WatchdogStartValueCCU not found: check if there is a RefParameter without a condition.
2026-01-23 10:01:12,202 [INFO] LogOutputStream:77 - [STDOUT_REDIRECT] Nominal 
2026-01-23 10:01:12,202 [INFO] Can:71 - Can Add PropertyChangeListener com.st.microxplorer.plugins.ip.can.Can@51c56d4e
2026-01-23 10:01:12,396 [INFO] CADModel:165 - CPN selected for project levelSTM32G431RBT6
2026-01-23 10:01:12,396 [INFO] CADModel:114 - Register for checkConnection events
2026-01-23 10:01:12,450 [INFO] OpenFileManager:343 - Restore cursor
2026-01-23 10:01:12,753 [WARN] IP:2119 - MessageRAMOffset not found: check if there is a RefParameter without a condition.
2026-01-23 10:01:12,753 [WARN] IP:2119 - RxFifo0ElmtsNbr not found: check if there is a RefParameter without a condition.
2026-01-23 10:01:12,753 [WARN] IP:2119 - RxFifo0ElmtSize not found: check if there is a RefParameter without a condition.
2026-01-23 10:01:12,753 [WARN] IP:2119 - RxFifo1ElmtsNbr not found: check if there is a RefParameter without a condition.
2026-01-23 10:01:12,753 [WARN] IP:2119 - RxFifo1ElmtSize not found: check if there is a RefParameter without a condition.
2026-01-23 10:01:12,753 [WARN] IP:2119 - RxBuffersNbr not found: check if there is a RefParameter without a condition.
2026-01-23 10:01:12,753 [WARN] IP:2119 - RxBufferSize not found: check if there is a RefParameter without a condition.
2026-01-23 10:01:12,753 [WARN] IP:2119 - TxEventsNbr not found: check if there is a RefParameter without a condition.
2026-01-23 10:01:12,753 [WARN] IP:2119 - TxBuffersNbr not found: check if there is a RefParameter without a condition.
2026-01-23 10:01:12,753 [WARN] IP:2119 - TxFifoQueueElmtsNbr not found: check if there is a RefParameter without a condition.
2026-01-23 10:01:12,753 [WARN] IP:2119 - TxElmtSize not found: check if there is a RefParameter without a condition.
2026-01-23 10:01:12,753 [WARN] IP:2119 - ClockCalibrationCCU not found: check if there is a RefParameter without a condition.
2026-01-23 10:01:12,753 [WARN] IP:2119 - ClockDividerCCU not found: check if there is a RefParameter without a condition.
2026-01-23 10:01:12,753 [WARN] IP:2119 - MinOscClkPeriodsCCU not found: check if there is a RefParameter without a condition.
2026-01-23 10:01:12,753 [WARN] IP:2119 - TimeQuantaPerBitTimeCCU not found: check if there is a RefParameter without a condition.
2026-01-23 10:01:12,753 [WARN] IP:2119 - WatchdogStartValueCCU not found: check if there is a RefParameter without a condition.
2026-01-23 10:01:26,008 [INFO] Mcu:1675 - InternalPropertyChange: try BijectiveRequest:INP
2026-01-23 10:02:15,362 [WARN] IP:2119 - MessageRAMOffset not found: check if there is a RefParameter without a condition.
2026-01-23 10:02:15,362 [WARN] IP:2119 - RxFifo0ElmtsNbr not found: check if there is a RefParameter without a condition.
2026-01-23 10:02:15,362 [WARN] IP:2119 - RxFifo0ElmtSize not found: check if there is a RefParameter without a condition.
2026-01-23 10:02:15,362 [WARN] IP:2119 - RxFifo1ElmtsNbr not found: check if there is a RefParameter without a condition.
2026-01-23 10:02:15,362 [WARN] IP:2119 - RxFifo1ElmtSize not found: check if there is a RefParameter without a condition.
2026-01-23 10:02:15,362 [WARN] IP:2119 - RxBuffersNbr not found: check if there is a RefParameter without a condition.
2026-01-23 10:02:15,362 [WARN] IP:2119 - RxBufferSize not found: check if there is a RefParameter without a condition.
2026-01-23 10:02:15,362 [WARN] IP:2119 - TxEventsNbr not found: check if there is a RefParameter without a condition.
2026-01-23 10:02:15,362 [WARN] IP:2119 - TxBuffersNbr not found: check if there is a RefParameter without a condition.
2026-01-23 10:02:15,362 [WARN] IP:2119 - TxFifoQueueElmtsNbr not found: check if there is a RefParameter without a condition.
2026-01-23 10:02:15,362 [WARN] IP:2119 - TxElmtSize not found: check if there is a RefParameter without a condition.
2026-01-23 10:02:15,362 [WARN] IP:2119 - ClockCalibrationCCU not found: check if there is a RefParameter without a condition.
2026-01-23 10:02:15,362 [WARN] IP:2119 - ClockDividerCCU not found: check if there is a RefParameter without a condition.
2026-01-23 10:02:15,363 [WARN] IP:2119 - MinOscClkPeriodsCCU not found: check if there is a RefParameter without a condition.
2026-01-23 10:02:15,363 [WARN] IP:2119 - TimeQuantaPerBitTimeCCU not found: check if there is a RefParameter without a condition.
2026-01-23 10:02:15,363 [WARN] IP:2119 - WatchdogStartValueCCU not found: check if there is a RefParameter without a condition.
2026-01-23 10:02:21,710 [INFO] Mcu:1675 - InternalPropertyChange: try BijectiveRequest:INP
2026-01-23 10:04:44,541 [INFO] Mcu:1675 - InternalPropertyChange: try BijectiveRequest:Output Compare CH2 CH2N
2026-01-23 10:17:21,994 [INFO] NvicIntPanel:101 - NVIC parent = com.st.microxplorer.plugins.ip.nvic.MultiNvicIntPanel[,0,0,630x469,layout=javax.swing.BoxLayout,alignmentX=0.0,alignmentY=0.0,border=,flags=9,maximumSize=,minimumSize=,preferredSize=]
2026-01-23 10:17:45,379 [INFO] NvicIntPanel:101 - NVIC parent = com.st.microxplorer.plugins.ip.nvic.MultiNvicIntPanel[,0,0,0x0,invalid,layout=javax.swing.BoxLayout,alignmentX=0.0,alignmentY=0.0,border=,flags=9,maximumSize=,minimumSize=,preferredSize=]
2026-01-23 10:17:52,231 [INFO] NvicIntPanel:101 - NVIC parent = com.st.microxplorer.plugins.ip.nvic.MultiNvicIntPanel[,0,0,0x0,invalid,layout=javax.swing.BoxLayout,alignmentX=0.0,alignmentY=0.0,border=,flags=9,maximumSize=,minimumSize=,preferredSize=]
2026-01-23 10:18:21,947 [INFO] NvicIntPanel:101 - NVIC parent = com.st.microxplorer.plugins.ip.nvic.MultiNvicIntPanel[,0,0,0x0,invalid,layout=javax.swing.BoxLayout,alignmentX=0.0,alignmentY=0.0,border=,flags=9,maximumSize=,minimumSize=,preferredSize=]
2026-01-23 10:20:09,276 [INFO] UtilMem:75 - End SaveConfig() Used Memory: 773394728 Bytes (1073741824)
2026-01-23 10:43:43,973 [INFO] NvicIntPanel:101 - NVIC parent = com.st.microxplorer.plugins.ip.nvic.MultiNvicIntPanel[,0,0,597x450,layout=javax.swing.BoxLayout,alignmentX=0.0,alignmentY=0.0,border=,flags=9,maximumSize=,minimumSize=,preferredSize=]
2026-01-23 10:44:17,559 [INFO] NvicIntPanel:101 - NVIC parent = com.st.microxplorer.plugins.ip.nvic.MultiNvicIntPanel[,0,0,0x0,invalid,layout=javax.swing.BoxLayout,alignmentX=0.0,alignmentY=0.0,border=,flags=9,maximumSize=,minimumSize=,preferredSize=]
2026-01-23 10:44:22,751 [INFO] NvicIntPanel:101 - NVIC parent = com.st.microxplorer.plugins.ip.nvic.MultiNvicIntPanel[,0,0,0x0,invalid,layout=javax.swing.BoxLayout,alignmentX=0.0,alignmentY=0.0,border=,flags=9,maximumSize=,minimumSize=,preferredSize=]
2026-01-23 10:44:31,797 [INFO] NvicIntPanel:101 - NVIC parent = com.st.microxplorer.plugins.ip.nvic.MultiNvicIntPanel[,0,0,0x0,invalid,layout=javax.swing.BoxLayout,alignmentX=0.0,alignmentY=0.0,border=,flags=9,maximumSize=,minimumSize=,preferredSize=]
2026-01-23 10:44:31,878 [INFO] NvicIntPanel:101 - NVIC parent = com.st.microxplorer.plugins.ip.nvic.MultiNvicIntPanel[,0,0,0x0,invalid,layout=javax.swing.BoxLayout,alignmentX=0.0,alignmentY=0.0,border=,flags=9,maximumSize=,minimumSize=,preferredSize=]
2026-01-23 10:44:35,276 [INFO] NvicIntPanel:101 - NVIC parent = com.st.microxplorer.plugins.ip.nvic.MultiNvicIntPanel[,0,0,0x0,invalid,layout=javax.swing.BoxLayout,alignmentX=0.0,alignmentY=0.0,border=,flags=9,maximumSize=,minimumSize=,preferredSize=]
2026-01-23 10:44:43,806 [INFO] NvicIntPanel:101 - NVIC parent = com.st.microxplorer.plugins.ip.nvic.MultiNvicIntPanel[,0,0,0x0,invalid,layout=javax.swing.BoxLayout,alignmentX=0.0,alignmentY=0.0,border=,flags=9,maximumSize=,minimumSize=,preferredSize=]
2026-01-23 10:44:51,299 [INFO] NvicIntPanel:101 - NVIC parent = com.st.microxplorer.plugins.ip.nvic.MultiNvicIntPanel[,0,0,0x0,invalid,layout=javax.swing.BoxLayout,alignmentX=0.0,alignmentY=0.0,border=,flags=9,maximumSize=,minimumSize=,preferredSize=]
2026-01-23 10:44:51,366 [INFO] NvicIntPanel:101 - NVIC parent = com.st.microxplorer.plugins.ip.nvic.MultiNvicIntPanel[,0,0,0x0,invalid,layout=javax.swing.BoxLayout,alignmentX=0.0,alignmentY=0.0,border=,flags=9,maximumSize=,minimumSize=,preferredSize=]
2026-01-23 11:13:23,643 [INFO] UtilMem:75 - End SaveConfig() Used Memory: 675504568 Bytes (1073741824)
2026-01-23 13:01:00,451 [INFO] WebApp:354 - JxBrowser engine has been closed 
2026-01-23 13:01:32,940 [ERROR] LogOutputStream:75 - [STDERR_REDIRECT] 
